The target system is: Linux -  - arm
The host system is: Linux - 5.15.0-78-generic - x86_64
Compiling the C compiler identification source file "CMakeCCompilerId.c" succeeded.
Compiler: /opt/robomap3/2.1.3/armv7a-neon/sysroots/x86_64-pokysdk-linux/usr/bin/arm-poky-linux-gnueabi/arm-poky-linux-gnueabi-gcc 
Build flags: ;-march=armv7-a;-mfpu=neon;;-mfloat-abi=softfp;--sysroot=/opt/robomap3/2.1.3/armv7a-neon/sysroots/armv7a-neon-poky-linux-gnueabi;-O2;-pipe
Id flags: 

The output was:
0


Compilation of the C compiler identification source "CMakeCCompilerId.c" produced "a.out"

The C compiler identification is GNU, found in "/home/ateverz/Documents/projects/kd_variable_x4_flair/build_armv7a_neon/CMakeFiles/3.7.0/CompilerIdC/a.out"

Compiling the CXX compiler identification source file "CMakeCXXCompilerId.cpp" succeeded.
Compiler: /opt/robomap3/2.1.3/armv7a-neon/sysroots/x86_64-pokysdk-linux/usr/bin/arm-poky-linux-gnueabi/arm-poky-linux-gnueabi-g++ 
Build flags: ;-march=armv7-a;-mfpu=neon;;-mfloat-abi=softfp;--sysroot=/opt/robomap3/2.1.3/armv7a-neon/sysroots/armv7a-neon-poky-linux-gnueabi;-O2;-pipe
Id flags: 

The output was:
0


Compilation of the CXX compiler identification source "CMakeCXXCompilerId.cpp" produced "a.out"

The CXX compiler identification is GNU, found in "/home/ateverz/Documents/projects/kd_variable_x4_flair/build_armv7a_neon/CMakeFiles/3.7.0/CompilerIdCXX/a.out"

Determining if the C compiler works passed with the following output:
Change Dir: /home/ateverz/Documents/projects/kd_variable_x4_flair/build_armv7a_neon/CMakeFiles/CMakeTmp

Run Build Command:"/usr/bin/make" "cmTC_b9ef0/fast"
/usr/bin/make -f CMakeFiles/cmTC_b9ef0.dir/build.make CMakeFiles/cmTC_b9ef0.dir/build
make[1]: Entering directory '/home/ateverz/Documents/projects/kd_variable_x4_flair/build_armv7a_neon/CMakeFiles/CMakeTmp'
Building C object CMakeFiles/cmTC_b9ef0.dir/testCCompiler.c.o
/opt/robomap3/2.1.3/armv7a-neon/sysroots/x86_64-pokysdk-linux/usr/bin/arm-poky-linux-gnueabi/arm-poky-linux-gnueabi-gcc  --sysroot=/opt/robomap3/2.1.3/armv7a-neon/sysroots/armv7a-neon-poky-linux-gnueabi   -march=armv7-a -mfpu=neon  -mfloat-abi=softfp --sysroot=/opt/robomap3/2.1.3/armv7a-neon/sysroots/armv7a-neon-poky-linux-gnueabi -O2 -pipe    -o CMakeFiles/cmTC_b9ef0.dir/testCCompiler.c.o   -c /home/ateverz/Documents/projects/kd_variable_x4_flair/build_armv7a_neon/CMakeFiles/CMakeTmp/testCCompiler.c
Linking C executable cmTC_b9ef0
/opt/robomap3/2.1.3/core2-64/sysroots/x86_64-pokysdk-linux/usr/bin/cmake -E cmake_link_script CMakeFiles/cmTC_b9ef0.dir/link.txt --verbose=1
/opt/robomap3/2.1.3/armv7a-neon/sysroots/x86_64-pokysdk-linux/usr/bin/arm-poky-linux-gnueabi/arm-poky-linux-gnueabi-gcc  --sysroot=/opt/robomap3/2.1.3/armv7a-neon/sysroots/armv7a-neon-poky-linux-gnueabi  -march=armv7-a -mfpu=neon  -mfloat-abi=softfp --sysroot=/opt/robomap3/2.1.3/armv7a-neon/sysroots/armv7a-neon-poky-linux-gnueabi -O2 -pipe   -march=armv7-a -mfpu=neon  -mfloat-abi=softfp --sysroot=/opt/robomap3/2.1.3/armv7a-neon/sysroots/armv7a-neon-poky-linux-gnueabi  -Wl,-O1 -Wl,--hash-style=gnu -Wl,--as-needed   CMakeFiles/cmTC_b9ef0.dir/testCCompiler.c.o  -o cmTC_b9ef0 -rdynamic 
make[1]: Leaving directory '/home/ateverz/Documents/projects/kd_variable_x4_flair/build_armv7a_neon/CMakeFiles/CMakeTmp'


Detecting C compiler ABI info compiled with the following output:
Change Dir: /home/ateverz/Documents/projects/kd_variable_x4_flair/build_armv7a_neon/CMakeFiles/CMakeTmp

Run Build Command:"/usr/bin/make" "cmTC_4a671/fast"
/usr/bin/make -f CMakeFiles/cmTC_4a671.dir/build.make CMakeFiles/cmTC_4a671.dir/build
make[1]: Entering directory '/home/ateverz/Documents/projects/kd_variable_x4_flair/build_armv7a_neon/CMakeFiles/CMakeTmp'
Building C object CMakeFiles/cmTC_4a671.dir/CMakeCCompilerABI.c.o
/opt/robomap3/2.1.3/armv7a-neon/sysroots/x86_64-pokysdk-linux/usr/bin/arm-poky-linux-gnueabi/arm-poky-linux-gnueabi-gcc  --sysroot=/opt/robomap3/2.1.3/armv7a-neon/sysroots/armv7a-neon-poky-linux-gnueabi   -march=armv7-a -mfpu=neon  -mfloat-abi=softfp --sysroot=/opt/robomap3/2.1.3/armv7a-neon/sysroots/armv7a-neon-poky-linux-gnueabi -O2 -pipe    -o CMakeFiles/cmTC_4a671.dir/CMakeCCompilerABI.c.o   -c /opt/robomap3/2.1.3/core2-64/sysroots/x86_64-pokysdk-linux/usr/share/cmake-3.7/Modules/CMakeCCompilerABI.c
Linking C executable cmTC_4a671
/opt/robomap3/2.1.3/core2-64/sysroots/x86_64-pokysdk-linux/usr/bin/cmake -E cmake_link_script CMakeFiles/cmTC_4a671.dir/link.txt --verbose=1
/opt/robomap3/2.1.3/armv7a-neon/sysroots/x86_64-pokysdk-linux/usr/bin/arm-poky-linux-gnueabi/arm-poky-linux-gnueabi-gcc  --sysroot=/opt/robomap3/2.1.3/armv7a-neon/sysroots/armv7a-neon-poky-linux-gnueabi  -march=armv7-a -mfpu=neon  -mfloat-abi=softfp --sysroot=/opt/robomap3/2.1.3/armv7a-neon/sysroots/armv7a-neon-poky-linux-gnueabi -O2 -pipe   -march=armv7-a -mfpu=neon  -mfloat-abi=softfp --sysroot=/opt/robomap3/2.1.3/armv7a-neon/sysroots/armv7a-neon-poky-linux-gnueabi  -Wl,-O1 -Wl,--hash-style=gnu -Wl,--as-needed  -v CMakeFiles/cmTC_4a671.dir/CMakeCCompilerABI.c.o  -o cmTC_4a671 -rdynamic  
Using built-in specs.
COLLECT_GCC=/opt/robomap3/2.1.3/armv7a-neon/sysroots/x86_64-pokysdk-linux/usr/bin/arm-poky-linux-gnueabi/arm-poky-linux-gnueabi-gcc
COLLECT_LTO_WRAPPER=/opt/robomap3/2.1.3/armv7a-neon/sysroots/x86_64-pokysdk-linux/usr/libexec/arm-poky-linux-gnueabi/gcc/arm-poky-linux-gnueabi/4.9.3/lto-wrapper
Target: arm-poky-linux-gnueabi
Configured with: ../../../../../../work-shared/gcc-4.9.3-r0/gcc-4.9.3/configure --build=x86_64-linux --host=x86_64-pokysdk-linux --target=arm-poky-linux-gnueabi --prefix=/opt/robomap3/2.1.3/armv7a-neon/sysroots/x86_64-pokysdk-linux/usr --exec_prefix=/opt/robomap3/2.1.3/armv7a-neon/sysroots/x86_64-pokysdk-linux/usr --bindir=/opt/robomap3/2.1.3/armv7a-neon/sysroots/x86_64-pokysdk-linux/usr/bin/arm-poky-linux-gnueabi --sbindir=/opt/robomap3/2.1.3/armv7a-neon/sysroots/x86_64-pokysdk-linux/usr/bin/arm-poky-linux-gnueabi --libexecdir=/opt/robomap3/2.1.3/armv7a-neon/sysroots/x86_64-pokysdk-linux/usr/libexec/arm-poky-linux-gnueabi --datadir=/opt/robomap3/2.1.3/armv7a-neon/sysroots/x86_64-pokysdk-linux/usr/share --sysconfdir=/opt/robomap3/2.1.3/armv7a-neon/sysroots/x86_64-pokysdk-linux/etc --sharedstatedir=/opt/robomap3/2.1.3/armv7a-neon/sysroots/x86_64-pokysdk-linux/com --localstatedir=/opt/robomap3/2.1.3/armv7a-neon/sysroots/x86_64-pokysdk-linux/var --libdir=/opt/robomap3/2.1.3/armv7a-neon/sysroots/x86_64-pokysdk-linux/usr/lib/arm-poky-linux-gnueabi --includedir=/opt/robomap3/2.1.3/armv7a-neon/sysroots/x86_64-pokysdk-linux/usr/include --oldincludedir=/opt/robomap3/2.1.3/armv7a-neon/sysroots/x86_64-pokysdk-linux/usr/include --infodir=/opt/robomap3/2.1.3/armv7a-neon/sysroots/x86_64-pokysdk-linux/usr/share/info --mandir=/opt/robomap3/2.1.3/armv7a-neon/sysroots/x86_64-pokysdk-linux/usr/share/man --disable-silent-rules --disable-dependency-tracking --with-libtool-sysroot=/workdir/poky/poky-robomap3_ros/build/tmp/sysroots/x86_64-nativesdk-pokysdk-linux --with-gnu-ld --enable-shared --enable-languages=c,c++ --enable-threads=posix --enable-multilib --enable-c99 --enable-long-long --enable-symvers=gnu --enable-libstdcxx-pch --program-prefix=arm-poky-linux-gnueabi- --without-local-prefix --enable-lto --enable-libssp --disable-bootstrap --disable-libmudflap --with-system-zlib --with-linker-hash-style=gnu --enable-linker-build-id --with-ppl=no --with-cloog=no --enable-checking=release --enable-cheaders=c_global --with-gxx-include-dir=/not/exist/usr/include/c++/4.9.3 --with-build-time-tools=/workdir/poky/poky-robomap3_ros/build/tmp/sysroots/x86_64-linux/usr/arm-poky-linux-gnueabi/bin --with-sysroot=/not/exist --with-build-sysroot=/workdir/poky/poky-robomap3_ros/build/tmp/sysroots/uav --enable-poison-system-directories --with-mpfr=/workdir/poky/poky-robomap3_ros/build/tmp/sysroots/x86_64-nativesdk-pokysdk-linux --with-mpc=/workdir/poky/poky-robomap3_ros/build/tmp/sysroots/x86_64-nativesdk-pokysdk-linux --disable-static --enable-nls --with-arch=armv7-a
Thread model: posix
gcc version 4.9.3 (GCC) 
COMPILER_PATH=/opt/robomap3/2.1.3/armv7a-neon/sysroots/x86_64-pokysdk-linux/usr/libexec/arm-poky-linux-gnueabi/gcc/arm-poky-linux-gnueabi/4.9.3/:/opt/robomap3/2.1.3/armv7a-neon/sysroots/x86_64-pokysdk-linux/usr/libexec/arm-poky-linux-gnueabi/gcc/arm-poky-linux-gnueabi/4.9.3/:/opt/robomap3/2.1.3/armv7a-neon/sysroots/x86_64-pokysdk-linux/usr/libexec/arm-poky-linux-gnueabi/gcc/arm-poky-linux-gnueabi/:/opt/robomap3/2.1.3/armv7a-neon/sysroots/x86_64-pokysdk-linux/usr/lib/arm-poky-linux-gnueabi/gcc/arm-poky-linux-gnueabi/4.9.3/:/opt/robomap3/2.1.3/armv7a-neon/sysroots/x86_64-pokysdk-linux/usr/lib/arm-poky-linux-gnueabi/gcc/arm-poky-linux-gnueabi/
LIBRARY_PATH=/opt/robomap3/2.1.3/armv7a-neon/sysroots/x86_64-pokysdk-linux/usr/lib/arm-poky-linux-gnueabi/gcc/arm-poky-linux-gnueabi/4.9.3/:/opt/robomap3/2.1.3/armv7a-neon/sysroots/armv7a-neon-poky-linux-gnueabi/lib/:/opt/robomap3/2.1.3/armv7a-neon/sysroots/armv7a-neon-poky-linux-gnueabi/usr/lib/arm-poky-linux-gnueabi/4.9.3/:/opt/robomap3/2.1.3/armv7a-neon/sysroots/armv7a-neon-poky-linux-gnueabi/usr/lib/
COLLECT_GCC_OPTIONS='--sysroot=/opt/robomap3/2.1.3/armv7a-neon/sysroots/armv7a-neon-poky-linux-gnueabi' '-march=armv7-a' '-mfpu=neon' '-mfloat-abi=softfp' '-O2' '-pipe' '-march=armv7-a' '-mfpu=neon' '-mfloat-abi=softfp' '-v' '-o' 'cmTC_4a671' '-rdynamic' '-mtls-dialect=gnu'
 /opt/robomap3/2.1.3/armv7a-neon/sysroots/x86_64-pokysdk-linux/usr/libexec/arm-poky-linux-gnueabi/gcc/arm-poky-linux-gnueabi/4.9.3/collect2 -plugin /opt/robomap3/2.1.3/armv7a-neon/sysroots/x86_64-pokysdk-linux/usr/libexec/arm-poky-linux-gnueabi/gcc/arm-poky-linux-gnueabi/4.9.3/liblto_plugin.so -plugin-opt=/opt/robomap3/2.1.3/armv7a-neon/sysroots/x86_64-pokysdk-linux/usr/libexec/arm-poky-linux-gnueabi/gcc/arm-poky-linux-gnueabi/4.9.3/lto-wrapper -plugin-opt=-fresolution=/tmp/ccS7VFp5.res -plugin-opt=-pass-through=-lgcc -plugin-opt=-pass-through=-lgcc_s -plugin-opt=-pass-through=-lc -plugin-opt=-pass-through=-lgcc -plugin-opt=-pass-through=-lgcc_s --sysroot=/opt/robomap3/2.1.3/armv7a-neon/sysroots/armv7a-neon-poky-linux-gnueabi --build-id --eh-frame-hdr --hash-style=gnu -export-dynamic -dynamic-linker /lib/ld-linux.so.3 -X -m armelf_linux_eabi -o cmTC_4a671 /opt/robomap3/2.1.3/armv7a-neon/sysroots/armv7a-neon-poky-linux-gnueabi/usr/lib/crt1.o /opt/robomap3/2.1.3/armv7a-neon/sysroots/armv7a-neon-poky-linux-gnueabi/usr/lib/crti.o /opt/robomap3/2.1.3/armv7a-neon/sysroots/armv7a-neon-poky-linux-gnueabi/usr/lib/arm-poky-linux-gnueabi/4.9.3/crtbegin.o -L/opt/robomap3/2.1.3/armv7a-neon/sysroots/x86_64-pokysdk-linux/usr/lib/arm-poky-linux-gnueabi/gcc/arm-poky-linux-gnueabi/4.9.3 -L/opt/robomap3/2.1.3/armv7a-neon/sysroots/armv7a-neon-poky-linux-gnueabi/lib -L/opt/robomap3/2.1.3/armv7a-neon/sysroots/armv7a-neon-poky-linux-gnueabi/usr/lib/arm-poky-linux-gnueabi/4.9.3 -L/opt/robomap3/2.1.3/armv7a-neon/sysroots/armv7a-neon-poky-linux-gnueabi/usr/lib -O1 --hash-style=gnu --as-needed CMakeFiles/cmTC_4a671.dir/CMakeCCompilerABI.c.o -lgcc --as-needed -lgcc_s --no-as-needed -lc -lgcc --as-needed -lgcc_s --no-as-needed /opt/robomap3/2.1.3/armv7a-neon/sysroots/armv7a-neon-poky-linux-gnueabi/usr/lib/arm-poky-linux-gnueabi/4.9.3/crtend.o /opt/robomap3/2.1.3/armv7a-neon/sysroots/armv7a-neon-poky-linux-gnueabi/usr/lib/crtn.o
make[1]: Leaving directory '/home/ateverz/Documents/projects/kd_variable_x4_flair/build_armv7a_neon/CMakeFiles/CMakeTmp'


Parsed C implicit link information from above output:
  link line regex: [^( *|.*[/\])(CMAKE_LINKER-NOTFOUND|([^/\]+-)?ld|collect2)[^/\]*( |$)]
  ignore line: [Change Dir: /home/ateverz/Documents/projects/kd_variable_x4_flair/build_armv7a_neon/CMakeFiles/CMakeTmp]
  ignore line: []
  ignore line: [Run Build Command:"/usr/bin/make" "cmTC_4a671/fast"]
  ignore line: [/usr/bin/make -f CMakeFiles/cmTC_4a671.dir/build.make CMakeFiles/cmTC_4a671.dir/build]
  ignore line: [make[1]: Entering directory '/home/ateverz/Documents/projects/kd_variable_x4_flair/build_armv7a_neon/CMakeFiles/CMakeTmp']
  ignore line: [Building C object CMakeFiles/cmTC_4a671.dir/CMakeCCompilerABI.c.o]
  ignore line: [/opt/robomap3/2.1.3/armv7a-neon/sysroots/x86_64-pokysdk-linux/usr/bin/arm-poky-linux-gnueabi/arm-poky-linux-gnueabi-gcc  --sysroot=/opt/robomap3/2.1.3/armv7a-neon/sysroots/armv7a-neon-poky-linux-gnueabi   -march=armv7-a -mfpu=neon  -mfloat-abi=softfp --sysroot=/opt/robomap3/2.1.3/armv7a-neon/sysroots/armv7a-neon-poky-linux-gnueabi -O2 -pipe    -o CMakeFiles/cmTC_4a671.dir/CMakeCCompilerABI.c.o   -c /opt/robomap3/2.1.3/core2-64/sysroots/x86_64-pokysdk-linux/usr/share/cmake-3.7/Modules/CMakeCCompilerABI.c]
  ignore line: [Linking C executable cmTC_4a671]
  ignore line: [/opt/robomap3/2.1.3/core2-64/sysroots/x86_64-pokysdk-linux/usr/bin/cmake -E cmake_link_script CMakeFiles/cmTC_4a671.dir/link.txt --verbose=1]
  ignore line: [/opt/robomap3/2.1.3/armv7a-neon/sysroots/x86_64-pokysdk-linux/usr/bin/arm-poky-linux-gnueabi/arm-poky-linux-gnueabi-gcc  --sysroot=/opt/robomap3/2.1.3/armv7a-neon/sysroots/armv7a-neon-poky-linux-gnueabi  -march=armv7-a -mfpu=neon  -mfloat-abi=softfp --sysroot=/opt/robomap3/2.1.3/armv7a-neon/sysroots/armv7a-neon-poky-linux-gnueabi -O2 -pipe   -march=armv7-a -mfpu=neon  -mfloat-abi=softfp --sysroot=/opt/robomap3/2.1.3/armv7a-neon/sysroots/armv7a-neon-poky-linux-gnueabi  -Wl,-O1 -Wl,--hash-style=gnu -Wl,--as-needed  -v CMakeFiles/cmTC_4a671.dir/CMakeCCompilerABI.c.o  -o cmTC_4a671 -rdynamic  ]
  ignore line: [Using built-in specs.]
  ignore line: [COLLECT_GCC=/opt/robomap3/2.1.3/armv7a-neon/sysroots/x86_64-pokysdk-linux/usr/bin/arm-poky-linux-gnueabi/arm-poky-linux-gnueabi-gcc]
  ignore line: [COLLECT_LTO_WRAPPER=/opt/robomap3/2.1.3/armv7a-neon/sysroots/x86_64-pokysdk-linux/usr/libexec/arm-poky-linux-gnueabi/gcc/arm-poky-linux-gnueabi/4.9.3/lto-wrapper]
  ignore line: [Target: arm-poky-linux-gnueabi]
  ignore line: [Configured with: ../../../../../../work-shared/gcc-4.9.3-r0/gcc-4.9.3/configure --build=x86_64-linux --host=x86_64-pokysdk-linux --target=arm-poky-linux-gnueabi --prefix=/opt/robomap3/2.1.3/armv7a-neon/sysroots/x86_64-pokysdk-linux/usr --exec_prefix=/opt/robomap3/2.1.3/armv7a-neon/sysroots/x86_64-pokysdk-linux/usr --bindir=/opt/robomap3/2.1.3/armv7a-neon/sysroots/x86_64-pokysdk-linux/usr/bin/arm-poky-linux-gnueabi --sbindir=/opt/robomap3/2.1.3/armv7a-neon/sysroots/x86_64-pokysdk-linux/usr/bin/arm-poky-linux-gnueabi --libexecdir=/opt/robomap3/2.1.3/armv7a-neon/sysroots/x86_64-pokysdk-linux/usr/libexec/arm-poky-linux-gnueabi --datadir=/opt/robomap3/2.1.3/armv7a-neon/sysroots/x86_64-pokysdk-linux/usr/share --sysconfdir=/opt/robomap3/2.1.3/armv7a-neon/sysroots/x86_64-pokysdk-linux/etc --sharedstatedir=/opt/robomap3/2.1.3/armv7a-neon/sysroots/x86_64-pokysdk-linux/com --localstatedir=/opt/robomap3/2.1.3/armv7a-neon/sysroots/x86_64-pokysdk-linux/var --libdir=/opt/robomap3/2.1.3/armv7a-neon/sysroots/x86_64-pokysdk-linux/usr/lib/arm-poky-linux-gnueabi --includedir=/opt/robomap3/2.1.3/armv7a-neon/sysroots/x86_64-pokysdk-linux/usr/include --oldincludedir=/opt/robomap3/2.1.3/armv7a-neon/sysroots/x86_64-pokysdk-linux/usr/include --infodir=/opt/robomap3/2.1.3/armv7a-neon/sysroots/x86_64-pokysdk-linux/usr/share/info --mandir=/opt/robomap3/2.1.3/armv7a-neon/sysroots/x86_64-pokysdk-linux/usr/share/man --disable-silent-rules --disable-dependency-tracking --with-libtool-sysroot=/workdir/poky/poky-robomap3_ros/build/tmp/sysroots/x86_64-nativesdk-pokysdk-linux --with-gnu-ld --enable-shared --enable-languages=c,c++ --enable-threads=posix --enable-multilib --enable-c99 --enable-long-long --enable-symvers=gnu --enable-libstdcxx-pch --program-prefix=arm-poky-linux-gnueabi- --without-local-prefix --enable-lto --enable-libssp --disable-bootstrap --disable-libmudflap --with-system-zlib --with-linker-hash-style=gnu --enable-linker-build-id --with-ppl=no --with-cloog=no --enable-checking=release --enable-cheaders=c_global --with-gxx-include-dir=/not/exist/usr/include/c++/4.9.3 --with-build-time-tools=/workdir/poky/poky-robomap3_ros/build/tmp/sysroots/x86_64-linux/usr/arm-poky-linux-gnueabi/bin --with-sysroot=/not/exist --with-build-sysroot=/workdir/poky/poky-robomap3_ros/build/tmp/sysroots/uav --enable-poison-system-directories --with-mpfr=/workdir/poky/poky-robomap3_ros/build/tmp/sysroots/x86_64-nativesdk-pokysdk-linux --with-mpc=/workdir/poky/poky-robomap3_ros/build/tmp/sysroots/x86_64-nativesdk-pokysdk-linux --disable-static --enable-nls --with-arch=armv7-a]
  ignore line: [Thread model: posix]
  ignore line: [gcc version 4.9.3 (GCC) ]
  ignore line: [COMPILER_PATH=/opt/robomap3/2.1.3/armv7a-neon/sysroots/x86_64-pokysdk-linux/usr/libexec/arm-poky-linux-gnueabi/gcc/arm-poky-linux-gnueabi/4.9.3/:/opt/robomap3/2.1.3/armv7a-neon/sysroots/x86_64-pokysdk-linux/usr/libexec/arm-poky-linux-gnueabi/gcc/arm-poky-linux-gnueabi/4.9.3/:/opt/robomap3/2.1.3/armv7a-neon/sysroots/x86_64-pokysdk-linux/usr/libexec/arm-poky-linux-gnueabi/gcc/arm-poky-linux-gnueabi/:/opt/robomap3/2.1.3/armv7a-neon/sysroots/x86_64-pokysdk-linux/usr/lib/arm-poky-linux-gnueabi/gcc/arm-poky-linux-gnueabi/4.9.3/:/opt/robomap3/2.1.3/armv7a-neon/sysroots/x86_64-pokysdk-linux/usr/lib/arm-poky-linux-gnueabi/gcc/arm-poky-linux-gnueabi/]
  ignore line: [LIBRARY_PATH=/opt/robomap3/2.1.3/armv7a-neon/sysroots/x86_64-pokysdk-linux/usr/lib/arm-poky-linux-gnueabi/gcc/arm-poky-linux-gnueabi/4.9.3/:/opt/robomap3/2.1.3/armv7a-neon/sysroots/armv7a-neon-poky-linux-gnueabi/lib/:/opt/robomap3/2.1.3/armv7a-neon/sysroots/armv7a-neon-poky-linux-gnueabi/usr/lib/arm-poky-linux-gnueabi/4.9.3/:/opt/robomap3/2.1.3/armv7a-neon/sysroots/armv7a-neon-poky-linux-gnueabi/usr/lib/]
  ignore line: [COLLECT_GCC_OPTIONS='--sysroot=/opt/robomap3/2.1.3/armv7a-neon/sysroots/armv7a-neon-poky-linux-gnueabi' '-march=armv7-a' '-mfpu=neon' '-mfloat-abi=softfp' '-O2' '-pipe' '-march=armv7-a' '-mfpu=neon' '-mfloat-abi=softfp' '-v' '-o' 'cmTC_4a671' '-rdynamic' '-mtls-dialect=gnu']
  link line: [ /opt/robomap3/2.1.3/armv7a-neon/sysroots/x86_64-pokysdk-linux/usr/libexec/arm-poky-linux-gnueabi/gcc/arm-poky-linux-gnueabi/4.9.3/collect2 -plugin /opt/robomap3/2.1.3/armv7a-neon/sysroots/x86_64-pokysdk-linux/usr/libexec/arm-poky-linux-gnueabi/gcc/arm-poky-linux-gnueabi/4.9.3/liblto_plugin.so -plugin-opt=/opt/robomap3/2.1.3/armv7a-neon/sysroots/x86_64-pokysdk-linux/usr/libexec/arm-poky-linux-gnueabi/gcc/arm-poky-linux-gnueabi/4.9.3/lto-wrapper -plugin-opt=-fresolution=/tmp/ccS7VFp5.res -plugin-opt=-pass-through=-lgcc -plugin-opt=-pass-through=-lgcc_s -plugin-opt=-pass-through=-lc -plugin-opt=-pass-through=-lgcc -plugin-opt=-pass-through=-lgcc_s --sysroot=/opt/robomap3/2.1.3/armv7a-neon/sysroots/armv7a-neon-poky-linux-gnueabi --build-id --eh-frame-hdr --hash-style=gnu -export-dynamic -dynamic-linker /lib/ld-linux.so.3 -X -m armelf_linux_eabi -o cmTC_4a671 /opt/robomap3/2.1.3/armv7a-neon/sysroots/armv7a-neon-poky-linux-gnueabi/usr/lib/crt1.o /opt/robomap3/2.1.3/armv7a-neon/sysroots/armv7a-neon-poky-linux-gnueabi/usr/lib/crti.o /opt/robomap3/2.1.3/armv7a-neon/sysroots/armv7a-neon-poky-linux-gnueabi/usr/lib/arm-poky-linux-gnueabi/4.9.3/crtbegin.o -L/opt/robomap3/2.1.3/armv7a-neon/sysroots/x86_64-pokysdk-linux/usr/lib/arm-poky-linux-gnueabi/gcc/arm-poky-linux-gnueabi/4.9.3 -L/opt/robomap3/2.1.3/armv7a-neon/sysroots/armv7a-neon-poky-linux-gnueabi/lib -L/opt/robomap3/2.1.3/armv7a-neon/sysroots/armv7a-neon-poky-linux-gnueabi/usr/lib/arm-poky-linux-gnueabi/4.9.3 -L/opt/robomap3/2.1.3/armv7a-neon/sysroots/armv7a-neon-poky-linux-gnueabi/usr/lib -O1 --hash-style=gnu --as-needed CMakeFiles/cmTC_4a671.dir/CMakeCCompilerABI.c.o -lgcc --as-needed -lgcc_s --no-as-needed -lc -lgcc --as-needed -lgcc_s --no-as-needed /opt/robomap3/2.1.3/armv7a-neon/sysroots/armv7a-neon-poky-linux-gnueabi/usr/lib/arm-poky-linux-gnueabi/4.9.3/crtend.o /opt/robomap3/2.1.3/armv7a-neon/sysroots/armv7a-neon-poky-linux-gnueabi/usr/lib/crtn.o]
    arg [/opt/robomap3/2.1.3/armv7a-neon/sysroots/x86_64-pokysdk-linux/usr/libexec/arm-poky-linux-gnueabi/gcc/arm-poky-linux-gnueabi/4.9.3/collect2] ==> ignore
    arg [-plugin] ==> ignore
    arg [/opt/robomap3/2.1.3/armv7a-neon/sysroots/x86_64-pokysdk-linux/usr/libexec/arm-poky-linux-gnueabi/gcc/arm-poky-linux-gnueabi/4.9.3/liblto_plugin.so] ==> ignore
    arg [-plugin-opt=/opt/robomap3/2.1.3/armv7a-neon/sysroots/x86_64-pokysdk-linux/usr/libexec/arm-poky-linux-gnueabi/gcc/arm-poky-linux-gnueabi/4.9.3/lto-wrapper] ==> ignore
    arg [-plugin-opt=-fresolution=/tmp/ccS7VFp5.res] ==> ignore
    arg [-plugin-opt=-pass-through=-lgcc] ==> ignore
    arg [-plugin-opt=-pass-through=-lgcc_s] ==> ignore
    arg [-plugin-opt=-pass-through=-lc] ==> ignore
    arg [-plugin-opt=-pass-through=-lgcc] ==> ignore
    arg [-plugin-opt=-pass-through=-lgcc_s] ==> ignore
    arg [--sysroot=/opt/robomap3/2.1.3/armv7a-neon/sysroots/armv7a-neon-poky-linux-gnueabi] ==> ignore
    arg [--build-id] ==> ignore
    arg [--eh-frame-hdr] ==> ignore
    arg [--hash-style=gnu] ==> ignore
    arg [-export-dynamic] ==> ignore
    arg [-dynamic-linker] ==> ignore
    arg [/lib/ld-linux.so.3] ==> ignore
    arg [-X] ==> ignore
    arg [-m] ==> ignore
    arg [armelf_linux_eabi] ==> ignore
    arg [-o] ==> ignore
    arg [cmTC_4a671] ==> ignore
    arg [/opt/robomap3/2.1.3/armv7a-neon/sysroots/armv7a-neon-poky-linux-gnueabi/usr/lib/crt1.o] ==> ignore
    arg [/opt/robomap3/2.1.3/armv7a-neon/sysroots/armv7a-neon-poky-linux-gnueabi/usr/lib/crti.o] ==> ignore
    arg [/opt/robomap3/2.1.3/armv7a-neon/sysroots/armv7a-neon-poky-linux-gnueabi/usr/lib/arm-poky-linux-gnueabi/4.9.3/crtbegin.o] ==> ignore
    arg [-L/opt/robomap3/2.1.3/armv7a-neon/sysroots/x86_64-pokysdk-linux/usr/lib/arm-poky-linux-gnueabi/gcc/arm-poky-linux-gnueabi/4.9.3] ==> dir [/opt/robomap3/2.1.3/armv7a-neon/sysroots/x86_64-pokysdk-linux/usr/lib/arm-poky-linux-gnueabi/gcc/arm-poky-linux-gnueabi/4.9.3]
    arg [-L/opt/robomap3/2.1.3/armv7a-neon/sysroots/armv7a-neon-poky-linux-gnueabi/lib] ==> dir [/opt/robomap3/2.1.3/armv7a-neon/sysroots/armv7a-neon-poky-linux-gnueabi/lib]
    arg [-L/opt/robomap3/2.1.3/armv7a-neon/sysroots/armv7a-neon-poky-linux-gnueabi/usr/lib/arm-poky-linux-gnueabi/4.9.3] ==> dir [/opt/robomap3/2.1.3/armv7a-neon/sysroots/armv7a-neon-poky-linux-gnueabi/usr/lib/arm-poky-linux-gnueabi/4.9.3]
    arg [-L/opt/robomap3/2.1.3/armv7a-neon/sysroots/armv7a-neon-poky-linux-gnueabi/usr/lib] ==> dir [/opt/robomap3/2.1.3/armv7a-neon/sysroots/armv7a-neon-poky-linux-gnueabi/usr/lib]
    arg [-O1] ==> ignore
    arg [--hash-style=gnu] ==> ignore
    arg [--as-needed] ==> ignore
    arg [CMakeFiles/cmTC_4a671.dir/CMakeCCompilerABI.c.o] ==> ignore
    arg [-lgcc] ==> lib [gcc]
    arg [--as-needed] ==> ignore
    arg [-lgcc_s] ==> lib [gcc_s]
    arg [--no-as-needed] ==> ignore
    arg [-lc] ==> lib [c]
    arg [-lgcc] ==> lib [gcc]
    arg [--as-needed] ==> ignore
    arg [-lgcc_s] ==> lib [gcc_s]
    arg [--no-as-needed] ==> ignore
    arg [/opt/robomap3/2.1.3/armv7a-neon/sysroots/armv7a-neon-poky-linux-gnueabi/usr/lib/arm-poky-linux-gnueabi/4.9.3/crtend.o] ==> ignore
    arg [/opt/robomap3/2.1.3/armv7a-neon/sysroots/armv7a-neon-poky-linux-gnueabi/usr/lib/crtn.o] ==> ignore
  remove lib [gcc]
  remove lib [gcc_s]
  remove lib [gcc]
  remove lib [gcc_s]
  collapse library dir [/opt/robomap3/2.1.3/armv7a-neon/sysroots/x86_64-pokysdk-linux/usr/lib/arm-poky-linux-gnueabi/gcc/arm-poky-linux-gnueabi/4.9.3] ==> [/opt/robomap3/2.1.3/armv7a-neon/sysroots/x86_64-pokysdk-linux/usr/lib/arm-poky-linux-gnueabi/gcc/arm-poky-linux-gnueabi/4.9.3]
  collapse library dir [/opt/robomap3/2.1.3/armv7a-neon/sysroots/armv7a-neon-poky-linux-gnueabi/lib] ==> [/opt/robomap3/2.1.3/armv7a-neon/sysroots/armv7a-neon-poky-linux-gnueabi/lib]
  collapse library dir [/opt/robomap3/2.1.3/armv7a-neon/sysroots/armv7a-neon-poky-linux-gnueabi/usr/lib/arm-poky-linux-gnueabi/4.9.3] ==> [/opt/robomap3/2.1.3/armv7a-neon/sysroots/armv7a-neon-poky-linux-gnueabi/usr/lib/arm-poky-linux-gnueabi/4.9.3]
  collapse library dir [/opt/robomap3/2.1.3/armv7a-neon/sysroots/armv7a-neon-poky-linux-gnueabi/usr/lib] ==> [/opt/robomap3/2.1.3/armv7a-neon/sysroots/armv7a-neon-poky-linux-gnueabi/usr/lib]
  implicit libs: [c]
  implicit dirs: [/opt/robomap3/2.1.3/armv7a-neon/sysroots/x86_64-pokysdk-linux/usr/lib/arm-poky-linux-gnueabi/gcc/arm-poky-linux-gnueabi/4.9.3;/opt/robomap3/2.1.3/armv7a-neon/sysroots/armv7a-neon-poky-linux-gnueabi/lib;/opt/robomap3/2.1.3/armv7a-neon/sysroots/armv7a-neon-poky-linux-gnueabi/usr/lib/arm-poky-linux-gnueabi/4.9.3;/opt/robomap3/2.1.3/armv7a-neon/sysroots/armv7a-neon-poky-linux-gnueabi/usr/lib]
  implicit fwks: []




Detecting C [-std=c11] compiler features compiled with the following output:
Change Dir: /home/ateverz/Documents/projects/kd_variable_x4_flair/build_armv7a_neon/CMakeFiles/CMakeTmp

Run Build Command:"/usr/bin/make" "cmTC_592c9/fast"
/usr/bin/make -f CMakeFiles/cmTC_592c9.dir/build.make CMakeFiles/cmTC_592c9.dir/build
make[1]: Entering directory '/home/ateverz/Documents/projects/kd_variable_x4_flair/build_armv7a_neon/CMakeFiles/CMakeTmp'
Building C object CMakeFiles/cmTC_592c9.dir/feature_tests.c.o
/opt/robomap3/2.1.3/armv7a-neon/sysroots/x86_64-pokysdk-linux/usr/bin/arm-poky-linux-gnueabi/arm-poky-linux-gnueabi-gcc  --sysroot=/opt/robomap3/2.1.3/armv7a-neon/sysroots/armv7a-neon-poky-linux-gnueabi   -march=armv7-a -mfpu=neon  -mfloat-abi=softfp --sysroot=/opt/robomap3/2.1.3/armv7a-neon/sysroots/armv7a-neon-poky-linux-gnueabi -O2 -pipe    -std=c11 -o CMakeFiles/cmTC_592c9.dir/feature_tests.c.o   -c /home/ateverz/Documents/projects/kd_variable_x4_flair/build_armv7a_neon/CMakeFiles/feature_tests.c
Linking C executable cmTC_592c9
/opt/robomap3/2.1.3/core2-64/sysroots/x86_64-pokysdk-linux/usr/bin/cmake -E cmake_link_script CMakeFiles/cmTC_592c9.dir/link.txt --verbose=1
/opt/robomap3/2.1.3/armv7a-neon/sysroots/x86_64-pokysdk-linux/usr/bin/arm-poky-linux-gnueabi/arm-poky-linux-gnueabi-gcc  --sysroot=/opt/robomap3/2.1.3/armv7a-neon/sysroots/armv7a-neon-poky-linux-gnueabi  -march=armv7-a -mfpu=neon  -mfloat-abi=softfp --sysroot=/opt/robomap3/2.1.3/armv7a-neon/sysroots/armv7a-neon-poky-linux-gnueabi -O2 -pipe   -march=armv7-a -mfpu=neon  -mfloat-abi=softfp --sysroot=/opt/robomap3/2.1.3/armv7a-neon/sysroots/armv7a-neon-poky-linux-gnueabi  -Wl,-O1 -Wl,--hash-style=gnu -Wl,--as-needed   CMakeFiles/cmTC_592c9.dir/feature_tests.c.o  -o cmTC_592c9 -rdynamic 
make[1]: Leaving directory '/home/ateverz/Documents/projects/kd_variable_x4_flair/build_armv7a_neon/CMakeFiles/CMakeTmp'


    Feature record: C_FEATURE:1c_function_prototypes
    Feature record: C_FEATURE:1c_restrict
    Feature record: C_FEATURE:1c_static_assert
    Feature record: C_FEATURE:1c_variadic_macros


Detecting C [-std=c99] compiler features compiled with the following output:
Change Dir: /home/ateverz/Documents/projects/kd_variable_x4_flair/build_armv7a_neon/CMakeFiles/CMakeTmp

Run Build Command:"/usr/bin/make" "cmTC_9146a/fast"
/usr/bin/make -f CMakeFiles/cmTC_9146a.dir/build.make CMakeFiles/cmTC_9146a.dir/build
make[1]: Entering directory '/home/ateverz/Documents/projects/kd_variable_x4_flair/build_armv7a_neon/CMakeFiles/CMakeTmp'
Building C object CMakeFiles/cmTC_9146a.dir/feature_tests.c.o
/opt/robomap3/2.1.3/armv7a-neon/sysroots/x86_64-pokysdk-linux/usr/bin/arm-poky-linux-gnueabi/arm-poky-linux-gnueabi-gcc  --sysroot=/opt/robomap3/2.1.3/armv7a-neon/sysroots/armv7a-neon-poky-linux-gnueabi   -march=armv7-a -mfpu=neon  -mfloat-abi=softfp --sysroot=/opt/robomap3/2.1.3/armv7a-neon/sysroots/armv7a-neon-poky-linux-gnueabi -O2 -pipe    -std=c99 -o CMakeFiles/cmTC_9146a.dir/feature_tests.c.o   -c /home/ateverz/Documents/projects/kd_variable_x4_flair/build_armv7a_neon/CMakeFiles/feature_tests.c
Linking C executable cmTC_9146a
/opt/robomap3/2.1.3/core2-64/sysroots/x86_64-pokysdk-linux/usr/bin/cmake -E cmake_link_script CMakeFiles/cmTC_9146a.dir/link.txt --verbose=1
/opt/robomap3/2.1.3/armv7a-neon/sysroots/x86_64-pokysdk-linux/usr/bin/arm-poky-linux-gnueabi/arm-poky-linux-gnueabi-gcc  --sysroot=/opt/robomap3/2.1.3/armv7a-neon/sysroots/armv7a-neon-poky-linux-gnueabi  -march=armv7-a -mfpu=neon  -mfloat-abi=softfp --sysroot=/opt/robomap3/2.1.3/armv7a-neon/sysroots/armv7a-neon-poky-linux-gnueabi -O2 -pipe   -march=armv7-a -mfpu=neon  -mfloat-abi=softfp --sysroot=/opt/robomap3/2.1.3/armv7a-neon/sysroots/armv7a-neon-poky-linux-gnueabi  -Wl,-O1 -Wl,--hash-style=gnu -Wl,--as-needed   CMakeFiles/cmTC_9146a.dir/feature_tests.c.o  -o cmTC_9146a -rdynamic 
make[1]: Leaving directory '/home/ateverz/Documents/projects/kd_variable_x4_flair/build_armv7a_neon/CMakeFiles/CMakeTmp'


    Feature record: C_FEATURE:1c_function_prototypes
    Feature record: C_FEATURE:1c_restrict
    Feature record: C_FEATURE:0c_static_assert
    Feature record: C_FEATURE:1c_variadic_macros


Detecting C [-std=c90] compiler features compiled with the following output:
Change Dir: /home/ateverz/Documents/projects/kd_variable_x4_flair/build_armv7a_neon/CMakeFiles/CMakeTmp

Run Build Command:"/usr/bin/make" "cmTC_35d5c/fast"
/usr/bin/make -f CMakeFiles/cmTC_35d5c.dir/build.make CMakeFiles/cmTC_35d5c.dir/build
make[1]: Entering directory '/home/ateverz/Documents/projects/kd_variable_x4_flair/build_armv7a_neon/CMakeFiles/CMakeTmp'
Building C object CMakeFiles/cmTC_35d5c.dir/feature_tests.c.o
/opt/robomap3/2.1.3/armv7a-neon/sysroots/x86_64-pokysdk-linux/usr/bin/arm-poky-linux-gnueabi/arm-poky-linux-gnueabi-gcc  --sysroot=/opt/robomap3/2.1.3/armv7a-neon/sysroots/armv7a-neon-poky-linux-gnueabi   -march=armv7-a -mfpu=neon  -mfloat-abi=softfp --sysroot=/opt/robomap3/2.1.3/armv7a-neon/sysroots/armv7a-neon-poky-linux-gnueabi -O2 -pipe    -std=c90 -o CMakeFiles/cmTC_35d5c.dir/feature_tests.c.o   -c /home/ateverz/Documents/projects/kd_variable_x4_flair/build_armv7a_neon/CMakeFiles/feature_tests.c
Linking C executable cmTC_35d5c
/opt/robomap3/2.1.3/core2-64/sysroots/x86_64-pokysdk-linux/usr/bin/cmake -E cmake_link_script CMakeFiles/cmTC_35d5c.dir/link.txt --verbose=1
/opt/robomap3/2.1.3/armv7a-neon/sysroots/x86_64-pokysdk-linux/usr/bin/arm-poky-linux-gnueabi/arm-poky-linux-gnueabi-gcc  --sysroot=/opt/robomap3/2.1.3/armv7a-neon/sysroots/armv7a-neon-poky-linux-gnueabi  -march=armv7-a -mfpu=neon  -mfloat-abi=softfp --sysroot=/opt/robomap3/2.1.3/armv7a-neon/sysroots/armv7a-neon-poky-linux-gnueabi -O2 -pipe   -march=armv7-a -mfpu=neon  -mfloat-abi=softfp --sysroot=/opt/robomap3/2.1.3/armv7a-neon/sysroots/armv7a-neon-poky-linux-gnueabi  -Wl,-O1 -Wl,--hash-style=gnu -Wl,--as-needed   CMakeFiles/cmTC_35d5c.dir/feature_tests.c.o  -o cmTC_35d5c -rdynamic 
make[1]: Leaving directory '/home/ateverz/Documents/projects/kd_variable_x4_flair/build_armv7a_neon/CMakeFiles/CMakeTmp'


    Feature record: C_FEATURE:1c_function_prototypes
    Feature record: C_FEATURE:0c_restrict
    Feature record: C_FEATURE:0c_static_assert
    Feature record: C_FEATURE:0c_variadic_macros
Determining if the CXX compiler works passed with the following output:
Change Dir: /home/ateverz/Documents/projects/kd_variable_x4_flair/build_armv7a_neon/CMakeFiles/CMakeTmp

Run Build Command:"/usr/bin/make" "cmTC_b0ada/fast"
/usr/bin/make -f CMakeFiles/cmTC_b0ada.dir/build.make CMakeFiles/cmTC_b0ada.dir/build
make[1]: Entering directory '/home/ateverz/Documents/projects/kd_variable_x4_flair/build_armv7a_neon/CMakeFiles/CMakeTmp'
Building CXX object CMakeFiles/cmTC_b0ada.dir/testCXXCompiler.cxx.o
/opt/robomap3/2.1.3/armv7a-neon/sysroots/x86_64-pokysdk-linux/usr/bin/arm-poky-linux-gnueabi/arm-poky-linux-gnueabi-g++  --sysroot=/opt/robomap3/2.1.3/armv7a-neon/sysroots/armv7a-neon-poky-linux-gnueabi    -march=armv7-a -mfpu=neon  -mfloat-abi=softfp --sysroot=/opt/robomap3/2.1.3/armv7a-neon/sysroots/armv7a-neon-poky-linux-gnueabi -O2 -pipe    -o CMakeFiles/cmTC_b0ada.dir/testCXXCompiler.cxx.o -c /home/ateverz/Documents/projects/kd_variable_x4_flair/build_armv7a_neon/CMakeFiles/CMakeTmp/testCXXCompiler.cxx
Linking CXX executable cmTC_b0ada
/opt/robomap3/2.1.3/core2-64/sysroots/x86_64-pokysdk-linux/usr/bin/cmake -E cmake_link_script CMakeFiles/cmTC_b0ada.dir/link.txt --verbose=1
/opt/robomap3/2.1.3/armv7a-neon/sysroots/x86_64-pokysdk-linux/usr/bin/arm-poky-linux-gnueabi/arm-poky-linux-gnueabi-g++  --sysroot=/opt/robomap3/2.1.3/armv7a-neon/sysroots/armv7a-neon-poky-linux-gnueabi   -march=armv7-a -mfpu=neon  -mfloat-abi=softfp --sysroot=/opt/robomap3/2.1.3/armv7a-neon/sysroots/armv7a-neon-poky-linux-gnueabi -O2 -pipe   -march=armv7-a -mfpu=neon  -mfloat-abi=softfp --sysroot=/opt/robomap3/2.1.3/armv7a-neon/sysroots/armv7a-neon-poky-linux-gnueabi -Wl,-rpath=/opt/robomap3/2.1.3/armv7a-neon/sysroots/armv7a-neon-poky-linux-gnueabi/usr/lib:/opt/robomap3/2.1.3/armv7a-neon/sysroots/armv7a-neon-poky-linux-gnueabi/lib -O2 -pipe -Wl,-O1 -Wl,--hash-style=gnu -Wl,--as-needed   CMakeFiles/cmTC_b0ada.dir/testCXXCompiler.cxx.o  -o cmTC_b0ada -rdynamic 
make[1]: Leaving directory '/home/ateverz/Documents/projects/kd_variable_x4_flair/build_armv7a_neon/CMakeFiles/CMakeTmp'


Detecting CXX compiler ABI info compiled with the following output:
Change Dir: /home/ateverz/Documents/projects/kd_variable_x4_flair/build_armv7a_neon/CMakeFiles/CMakeTmp

Run Build Command:"/usr/bin/make" "cmTC_414cd/fast"
/usr/bin/make -f CMakeFiles/cmTC_414cd.dir/build.make CMakeFiles/cmTC_414cd.dir/build
make[1]: Entering directory '/home/ateverz/Documents/projects/kd_variable_x4_flair/build_armv7a_neon/CMakeFiles/CMakeTmp'
Building CXX object CMakeFiles/cmTC_414cd.dir/CMakeCXXCompilerABI.cpp.o
/opt/robomap3/2.1.3/armv7a-neon/sysroots/x86_64-pokysdk-linux/usr/bin/arm-poky-linux-gnueabi/arm-poky-linux-gnueabi-g++  --sysroot=/opt/robomap3/2.1.3/armv7a-neon/sysroots/armv7a-neon-poky-linux-gnueabi    -march=armv7-a -mfpu=neon  -mfloat-abi=softfp --sysroot=/opt/robomap3/2.1.3/armv7a-neon/sysroots/armv7a-neon-poky-linux-gnueabi -O2 -pipe    -o CMakeFiles/cmTC_414cd.dir/CMakeCXXCompilerABI.cpp.o -c /opt/robomap3/2.1.3/core2-64/sysroots/x86_64-pokysdk-linux/usr/share/cmake-3.7/Modules/CMakeCXXCompilerABI.cpp
Linking CXX executable cmTC_414cd
/opt/robomap3/2.1.3/core2-64/sysroots/x86_64-pokysdk-linux/usr/bin/cmake -E cmake_link_script CMakeFiles/cmTC_414cd.dir/link.txt --verbose=1
/opt/robomap3/2.1.3/armv7a-neon/sysroots/x86_64-pokysdk-linux/usr/bin/arm-poky-linux-gnueabi/arm-poky-linux-gnueabi-g++  --sysroot=/opt/robomap3/2.1.3/armv7a-neon/sysroots/armv7a-neon-poky-linux-gnueabi   -march=armv7-a -mfpu=neon  -mfloat-abi=softfp --sysroot=/opt/robomap3/2.1.3/armv7a-neon/sysroots/armv7a-neon-poky-linux-gnueabi -O2 -pipe   -march=armv7-a -mfpu=neon  -mfloat-abi=softfp --sysroot=/opt/robomap3/2.1.3/armv7a-neon/sysroots/armv7a-neon-poky-linux-gnueabi -Wl,-rpath=/opt/robomap3/2.1.3/armv7a-neon/sysroots/armv7a-neon-poky-linux-gnueabi/usr/lib:/opt/robomap3/2.1.3/armv7a-neon/sysroots/armv7a-neon-poky-linux-gnueabi/lib -O2 -pipe -Wl,-O1 -Wl,--hash-style=gnu -Wl,--as-needed  -v CMakeFiles/cmTC_414cd.dir/CMakeCXXCompilerABI.cpp.o  -o cmTC_414cd -rdynamic  
Using built-in specs.
COLLECT_GCC=/opt/robomap3/2.1.3/armv7a-neon/sysroots/x86_64-pokysdk-linux/usr/bin/arm-poky-linux-gnueabi/arm-poky-linux-gnueabi-g++
COLLECT_LTO_WRAPPER=/opt/robomap3/2.1.3/armv7a-neon/sysroots/x86_64-pokysdk-linux/usr/libexec/arm-poky-linux-gnueabi/gcc/arm-poky-linux-gnueabi/4.9.3/lto-wrapper
Target: arm-poky-linux-gnueabi
Configured with: ../../../../../../work-shared/gcc-4.9.3-r0/gcc-4.9.3/configure --build=x86_64-linux --host=x86_64-pokysdk-linux --target=arm-poky-linux-gnueabi --prefix=/opt/robomap3/2.1.3/armv7a-neon/sysroots/x86_64-pokysdk-linux/usr --exec_prefix=/opt/robomap3/2.1.3/armv7a-neon/sysroots/x86_64-pokysdk-linux/usr --bindir=/opt/robomap3/2.1.3/armv7a-neon/sysroots/x86_64-pokysdk-linux/usr/bin/arm-poky-linux-gnueabi --sbindir=/opt/robomap3/2.1.3/armv7a-neon/sysroots/x86_64-pokysdk-linux/usr/bin/arm-poky-linux-gnueabi --libexecdir=/opt/robomap3/2.1.3/armv7a-neon/sysroots/x86_64-pokysdk-linux/usr/libexec/arm-poky-linux-gnueabi --datadir=/opt/robomap3/2.1.3/armv7a-neon/sysroots/x86_64-pokysdk-linux/usr/share --sysconfdir=/opt/robomap3/2.1.3/armv7a-neon/sysroots/x86_64-pokysdk-linux/etc --sharedstatedir=/opt/robomap3/2.1.3/armv7a-neon/sysroots/x86_64-pokysdk-linux/com --localstatedir=/opt/robomap3/2.1.3/armv7a-neon/sysroots/x86_64-pokysdk-linux/var --libdir=/opt/robomap3/2.1.3/armv7a-neon/sysroots/x86_64-pokysdk-linux/usr/lib/arm-poky-linux-gnueabi --includedir=/opt/robomap3/2.1.3/armv7a-neon/sysroots/x86_64-pokysdk-linux/usr/include --oldincludedir=/opt/robomap3/2.1.3/armv7a-neon/sysroots/x86_64-pokysdk-linux/usr/include --infodir=/opt/robomap3/2.1.3/armv7a-neon/sysroots/x86_64-pokysdk-linux/usr/share/info --mandir=/opt/robomap3/2.1.3/armv7a-neon/sysroots/x86_64-pokysdk-linux/usr/share/man --disable-silent-rules --disable-dependency-tracking --with-libtool-sysroot=/workdir/poky/poky-robomap3_ros/build/tmp/sysroots/x86_64-nativesdk-pokysdk-linux --with-gnu-ld --enable-shared --enable-languages=c,c++ --enable-threads=posix --enable-multilib --enable-c99 --enable-long-long --enable-symvers=gnu --enable-libstdcxx-pch --program-prefix=arm-poky-linux-gnueabi- --without-local-prefix --enable-lto --enable-libssp --disable-bootstrap --disable-libmudflap --with-system-zlib --with-linker-hash-style=gnu --enable-linker-build-id --with-ppl=no --with-cloog=no --enable-checking=release --enable-cheaders=c_global --with-gxx-include-dir=/not/exist/usr/include/c++/4.9.3 --with-build-time-tools=/workdir/poky/poky-robomap3_ros/build/tmp/sysroots/x86_64-linux/usr/arm-poky-linux-gnueabi/bin --with-sysroot=/not/exist --with-build-sysroot=/workdir/poky/poky-robomap3_ros/build/tmp/sysroots/uav --enable-poison-system-directories --with-mpfr=/workdir/poky/poky-robomap3_ros/build/tmp/sysroots/x86_64-nativesdk-pokysdk-linux --with-mpc=/workdir/poky/poky-robomap3_ros/build/tmp/sysroots/x86_64-nativesdk-pokysdk-linux --disable-static --enable-nls --with-arch=armv7-a
Thread model: posix
gcc version 4.9.3 (GCC) 
COMPILER_PATH=/opt/robomap3/2.1.3/armv7a-neon/sysroots/x86_64-pokysdk-linux/usr/libexec/arm-poky-linux-gnueabi/gcc/arm-poky-linux-gnueabi/4.9.3/:/opt/robomap3/2.1.3/armv7a-neon/sysroots/x86_64-pokysdk-linux/usr/libexec/arm-poky-linux-gnueabi/gcc/arm-poky-linux-gnueabi/4.9.3/:/opt/robomap3/2.1.3/armv7a-neon/sysroots/x86_64-pokysdk-linux/usr/libexec/arm-poky-linux-gnueabi/gcc/arm-poky-linux-gnueabi/:/opt/robomap3/2.1.3/armv7a-neon/sysroots/x86_64-pokysdk-linux/usr/lib/arm-poky-linux-gnueabi/gcc/arm-poky-linux-gnueabi/4.9.3/:/opt/robomap3/2.1.3/armv7a-neon/sysroots/x86_64-pokysdk-linux/usr/lib/arm-poky-linux-gnueabi/gcc/arm-poky-linux-gnueabi/
LIBRARY_PATH=/opt/robomap3/2.1.3/armv7a-neon/sysroots/x86_64-pokysdk-linux/usr/lib/arm-poky-linux-gnueabi/gcc/arm-poky-linux-gnueabi/4.9.3/:/opt/robomap3/2.1.3/armv7a-neon/sysroots/armv7a-neon-poky-linux-gnueabi/lib/:/opt/robomap3/2.1.3/armv7a-neon/sysroots/armv7a-neon-poky-linux-gnueabi/usr/lib/arm-poky-linux-gnueabi/4.9.3/:/opt/robomap3/2.1.3/armv7a-neon/sysroots/armv7a-neon-poky-linux-gnueabi/usr/lib/
COLLECT_GCC_OPTIONS='--sysroot=/opt/robomap3/2.1.3/armv7a-neon/sysroots/armv7a-neon-poky-linux-gnueabi' '-march=armv7-a' '-mfpu=neon' '-mfloat-abi=softfp' '-O2' '-pipe' '-march=armv7-a' '-mfpu=neon' '-mfloat-abi=softfp' '-O2' '-pipe' '-v' '-o' 'cmTC_414cd' '-rdynamic' '-shared-libgcc' '-mtls-dialect=gnu'
 /opt/robomap3/2.1.3/armv7a-neon/sysroots/x86_64-pokysdk-linux/usr/libexec/arm-poky-linux-gnueabi/gcc/arm-poky-linux-gnueabi/4.9.3/collect2 -plugin /opt/robomap3/2.1.3/armv7a-neon/sysroots/x86_64-pokysdk-linux/usr/libexec/arm-poky-linux-gnueabi/gcc/arm-poky-linux-gnueabi/4.9.3/liblto_plugin.so -plugin-opt=/opt/robomap3/2.1.3/armv7a-neon/sysroots/x86_64-pokysdk-linux/usr/libexec/arm-poky-linux-gnueabi/gcc/arm-poky-linux-gnueabi/4.9.3/lto-wrapper -plugin-opt=-fresolution=/tmp/ccTXOR8A.res -plugin-opt=-pass-through=-lgcc_s -plugin-opt=-pass-through=-lgcc -plugin-opt=-pass-through=-lc -plugin-opt=-pass-through=-lgcc_s -plugin-opt=-pass-through=-lgcc --sysroot=/opt/robomap3/2.1.3/armv7a-neon/sysroots/armv7a-neon-poky-linux-gnueabi --build-id --eh-frame-hdr --hash-style=gnu -export-dynamic -dynamic-linker /lib/ld-linux.so.3 -X -m armelf_linux_eabi -o cmTC_414cd /opt/robomap3/2.1.3/armv7a-neon/sysroots/armv7a-neon-poky-linux-gnueabi/usr/lib/crt1.o /opt/robomap3/2.1.3/armv7a-neon/sysroots/armv7a-neon-poky-linux-gnueabi/usr/lib/crti.o /opt/robomap3/2.1.3/armv7a-neon/sysroots/armv7a-neon-poky-linux-gnueabi/usr/lib/arm-poky-linux-gnueabi/4.9.3/crtbegin.o -L/opt/robomap3/2.1.3/armv7a-neon/sysroots/x86_64-pokysdk-linux/usr/lib/arm-poky-linux-gnueabi/gcc/arm-poky-linux-gnueabi/4.9.3 -L/opt/robomap3/2.1.3/armv7a-neon/sysroots/armv7a-neon-poky-linux-gnueabi/lib -L/opt/robomap3/2.1.3/armv7a-neon/sysroots/armv7a-neon-poky-linux-gnueabi/usr/lib/arm-poky-linux-gnueabi/4.9.3 -L/opt/robomap3/2.1.3/armv7a-neon/sysroots/armv7a-neon-poky-linux-gnueabi/usr/lib -rpath=/opt/robomap3/2.1.3/armv7a-neon/sysroots/armv7a-neon-poky-linux-gnueabi/usr/lib:/opt/robomap3/2.1.3/armv7a-neon/sysroots/armv7a-neon-poky-linux-gnueabi/lib -O1 --hash-style=gnu --as-needed CMakeFiles/cmTC_414cd.dir/CMakeCXXCompilerABI.cpp.o -lstdc++ -lm -lgcc_s -lgcc -lc -lgcc_s -lgcc /opt/robomap3/2.1.3/armv7a-neon/sysroots/armv7a-neon-poky-linux-gnueabi/usr/lib/arm-poky-linux-gnueabi/4.9.3/crtend.o /opt/robomap3/2.1.3/armv7a-neon/sysroots/armv7a-neon-poky-linux-gnueabi/usr/lib/crtn.o
make[1]: Leaving directory '/home/ateverz/Documents/projects/kd_variable_x4_flair/build_armv7a_neon/CMakeFiles/CMakeTmp'


Parsed CXX implicit link information from above output:
  link line regex: [^( *|.*[/\])(CMAKE_LINKER-NOTFOUND|([^/\]+-)?ld|collect2)[^/\]*( |$)]
  ignore line: [Change Dir: /home/ateverz/Documents/projects/kd_variable_x4_flair/build_armv7a_neon/CMakeFiles/CMakeTmp]
  ignore line: []
  ignore line: [Run Build Command:"/usr/bin/make" "cmTC_414cd/fast"]
  ignore line: [/usr/bin/make -f CMakeFiles/cmTC_414cd.dir/build.make CMakeFiles/cmTC_414cd.dir/build]
  ignore line: [make[1]: Entering directory '/home/ateverz/Documents/projects/kd_variable_x4_flair/build_armv7a_neon/CMakeFiles/CMakeTmp']
  ignore line: [Building CXX object CMakeFiles/cmTC_414cd.dir/CMakeCXXCompilerABI.cpp.o]
  ignore line: [/opt/robomap3/2.1.3/armv7a-neon/sysroots/x86_64-pokysdk-linux/usr/bin/arm-poky-linux-gnueabi/arm-poky-linux-gnueabi-g++  --sysroot=/opt/robomap3/2.1.3/armv7a-neon/sysroots/armv7a-neon-poky-linux-gnueabi    -march=armv7-a -mfpu=neon  -mfloat-abi=softfp --sysroot=/opt/robomap3/2.1.3/armv7a-neon/sysroots/armv7a-neon-poky-linux-gnueabi -O2 -pipe    -o CMakeFiles/cmTC_414cd.dir/CMakeCXXCompilerABI.cpp.o -c /opt/robomap3/2.1.3/core2-64/sysroots/x86_64-pokysdk-linux/usr/share/cmake-3.7/Modules/CMakeCXXCompilerABI.cpp]
  ignore line: [Linking CXX executable cmTC_414cd]
  ignore line: [/opt/robomap3/2.1.3/core2-64/sysroots/x86_64-pokysdk-linux/usr/bin/cmake -E cmake_link_script CMakeFiles/cmTC_414cd.dir/link.txt --verbose=1]
  ignore line: [/opt/robomap3/2.1.3/armv7a-neon/sysroots/x86_64-pokysdk-linux/usr/bin/arm-poky-linux-gnueabi/arm-poky-linux-gnueabi-g++  --sysroot=/opt/robomap3/2.1.3/armv7a-neon/sysroots/armv7a-neon-poky-linux-gnueabi   -march=armv7-a -mfpu=neon  -mfloat-abi=softfp --sysroot=/opt/robomap3/2.1.3/armv7a-neon/sysroots/armv7a-neon-poky-linux-gnueabi -O2 -pipe   -march=armv7-a -mfpu=neon  -mfloat-abi=softfp --sysroot=/opt/robomap3/2.1.3/armv7a-neon/sysroots/armv7a-neon-poky-linux-gnueabi -Wl,-rpath=/opt/robomap3/2.1.3/armv7a-neon/sysroots/armv7a-neon-poky-linux-gnueabi/usr/lib:/opt/robomap3/2.1.3/armv7a-neon/sysroots/armv7a-neon-poky-linux-gnueabi/lib -O2 -pipe -Wl,-O1 -Wl,--hash-style=gnu -Wl,--as-needed  -v CMakeFiles/cmTC_414cd.dir/CMakeCXXCompilerABI.cpp.o  -o cmTC_414cd -rdynamic  ]
  ignore line: [Using built-in specs.]
  ignore line: [COLLECT_GCC=/opt/robomap3/2.1.3/armv7a-neon/sysroots/x86_64-pokysdk-linux/usr/bin/arm-poky-linux-gnueabi/arm-poky-linux-gnueabi-g++]
  ignore line: [COLLECT_LTO_WRAPPER=/opt/robomap3/2.1.3/armv7a-neon/sysroots/x86_64-pokysdk-linux/usr/libexec/arm-poky-linux-gnueabi/gcc/arm-poky-linux-gnueabi/4.9.3/lto-wrapper]
  ignore line: [Target: arm-poky-linux-gnueabi]
  ignore line: [Configured with: ../../../../../../work-shared/gcc-4.9.3-r0/gcc-4.9.3/configure --build=x86_64-linux --host=x86_64-pokysdk-linux --target=arm-poky-linux-gnueabi --prefix=/opt/robomap3/2.1.3/armv7a-neon/sysroots/x86_64-pokysdk-linux/usr --exec_prefix=/opt/robomap3/2.1.3/armv7a-neon/sysroots/x86_64-pokysdk-linux/usr --bindir=/opt/robomap3/2.1.3/armv7a-neon/sysroots/x86_64-pokysdk-linux/usr/bin/arm-poky-linux-gnueabi --sbindir=/opt/robomap3/2.1.3/armv7a-neon/sysroots/x86_64-pokysdk-linux/usr/bin/arm-poky-linux-gnueabi --libexecdir=/opt/robomap3/2.1.3/armv7a-neon/sysroots/x86_64-pokysdk-linux/usr/libexec/arm-poky-linux-gnueabi --datadir=/opt/robomap3/2.1.3/armv7a-neon/sysroots/x86_64-pokysdk-linux/usr/share --sysconfdir=/opt/robomap3/2.1.3/armv7a-neon/sysroots/x86_64-pokysdk-linux/etc --sharedstatedir=/opt/robomap3/2.1.3/armv7a-neon/sysroots/x86_64-pokysdk-linux/com --localstatedir=/opt/robomap3/2.1.3/armv7a-neon/sysroots/x86_64-pokysdk-linux/var --libdir=/opt/robomap3/2.1.3/armv7a-neon/sysroots/x86_64-pokysdk-linux/usr/lib/arm-poky-linux-gnueabi --includedir=/opt/robomap3/2.1.3/armv7a-neon/sysroots/x86_64-pokysdk-linux/usr/include --oldincludedir=/opt/robomap3/2.1.3/armv7a-neon/sysroots/x86_64-pokysdk-linux/usr/include --infodir=/opt/robomap3/2.1.3/armv7a-neon/sysroots/x86_64-pokysdk-linux/usr/share/info --mandir=/opt/robomap3/2.1.3/armv7a-neon/sysroots/x86_64-pokysdk-linux/usr/share/man --disable-silent-rules --disable-dependency-tracking --with-libtool-sysroot=/workdir/poky/poky-robomap3_ros/build/tmp/sysroots/x86_64-nativesdk-pokysdk-linux --with-gnu-ld --enable-shared --enable-languages=c,c++ --enable-threads=posix --enable-multilib --enable-c99 --enable-long-long --enable-symvers=gnu --enable-libstdcxx-pch --program-prefix=arm-poky-linux-gnueabi- --without-local-prefix --enable-lto --enable-libssp --disable-bootstrap --disable-libmudflap --with-system-zlib --with-linker-hash-style=gnu --enable-linker-build-id --with-ppl=no --with-cloog=no --enable-checking=release --enable-cheaders=c_global --with-gxx-include-dir=/not/exist/usr/include/c++/4.9.3 --with-build-time-tools=/workdir/poky/poky-robomap3_ros/build/tmp/sysroots/x86_64-linux/usr/arm-poky-linux-gnueabi/bin --with-sysroot=/not/exist --with-build-sysroot=/workdir/poky/poky-robomap3_ros/build/tmp/sysroots/uav --enable-poison-system-directories --with-mpfr=/workdir/poky/poky-robomap3_ros/build/tmp/sysroots/x86_64-nativesdk-pokysdk-linux --with-mpc=/workdir/poky/poky-robomap3_ros/build/tmp/sysroots/x86_64-nativesdk-pokysdk-linux --disable-static --enable-nls --with-arch=armv7-a]
  ignore line: [Thread model: posix]
  ignore line: [gcc version 4.9.3 (GCC) ]
  ignore line: [COMPILER_PATH=/opt/robomap3/2.1.3/armv7a-neon/sysroots/x86_64-pokysdk-linux/usr/libexec/arm-poky-linux-gnueabi/gcc/arm-poky-linux-gnueabi/4.9.3/:/opt/robomap3/2.1.3/armv7a-neon/sysroots/x86_64-pokysdk-linux/usr/libexec/arm-poky-linux-gnueabi/gcc/arm-poky-linux-gnueabi/4.9.3/:/opt/robomap3/2.1.3/armv7a-neon/sysroots/x86_64-pokysdk-linux/usr/libexec/arm-poky-linux-gnueabi/gcc/arm-poky-linux-gnueabi/:/opt/robomap3/2.1.3/armv7a-neon/sysroots/x86_64-pokysdk-linux/usr/lib/arm-poky-linux-gnueabi/gcc/arm-poky-linux-gnueabi/4.9.3/:/opt/robomap3/2.1.3/armv7a-neon/sysroots/x86_64-pokysdk-linux/usr/lib/arm-poky-linux-gnueabi/gcc/arm-poky-linux-gnueabi/]
  ignore line: [LIBRARY_PATH=/opt/robomap3/2.1.3/armv7a-neon/sysroots/x86_64-pokysdk-linux/usr/lib/arm-poky-linux-gnueabi/gcc/arm-poky-linux-gnueabi/4.9.3/:/opt/robomap3/2.1.3/armv7a-neon/sysroots/armv7a-neon-poky-linux-gnueabi/lib/:/opt/robomap3/2.1.3/armv7a-neon/sysroots/armv7a-neon-poky-linux-gnueabi/usr/lib/arm-poky-linux-gnueabi/4.9.3/:/opt/robomap3/2.1.3/armv7a-neon/sysroots/armv7a-neon-poky-linux-gnueabi/usr/lib/]
  ignore line: [COLLECT_GCC_OPTIONS='--sysroot=/opt/robomap3/2.1.3/armv7a-neon/sysroots/armv7a-neon-poky-linux-gnueabi' '-march=armv7-a' '-mfpu=neon' '-mfloat-abi=softfp' '-O2' '-pipe' '-march=armv7-a' '-mfpu=neon' '-mfloat-abi=softfp' '-O2' '-pipe' '-v' '-o' 'cmTC_414cd' '-rdynamic' '-shared-libgcc' '-mtls-dialect=gnu']
  link line: [ /opt/robomap3/2.1.3/armv7a-neon/sysroots/x86_64-pokysdk-linux/usr/libexec/arm-poky-linux-gnueabi/gcc/arm-poky-linux-gnueabi/4.9.3/collect2 -plugin /opt/robomap3/2.1.3/armv7a-neon/sysroots/x86_64-pokysdk-linux/usr/libexec/arm-poky-linux-gnueabi/gcc/arm-poky-linux-gnueabi/4.9.3/liblto_plugin.so -plugin-opt=/opt/robomap3/2.1.3/armv7a-neon/sysroots/x86_64-pokysdk-linux/usr/libexec/arm-poky-linux-gnueabi/gcc/arm-poky-linux-gnueabi/4.9.3/lto-wrapper -plugin-opt=-fresolution=/tmp/ccTXOR8A.res -plugin-opt=-pass-through=-lgcc_s -plugin-opt=-pass-through=-lgcc -plugin-opt=-pass-through=-lc -plugin-opt=-pass-through=-lgcc_s -plugin-opt=-pass-through=-lgcc --sysroot=/opt/robomap3/2.1.3/armv7a-neon/sysroots/armv7a-neon-poky-linux-gnueabi --build-id --eh-frame-hdr --hash-style=gnu -export-dynamic -dynamic-linker /lib/ld-linux.so.3 -X -m armelf_linux_eabi -o cmTC_414cd /opt/robomap3/2.1.3/armv7a-neon/sysroots/armv7a-neon-poky-linux-gnueabi/usr/lib/crt1.o /opt/robomap3/2.1.3/armv7a-neon/sysroots/armv7a-neon-poky-linux-gnueabi/usr/lib/crti.o /opt/robomap3/2.1.3/armv7a-neon/sysroots/armv7a-neon-poky-linux-gnueabi/usr/lib/arm-poky-linux-gnueabi/4.9.3/crtbegin.o -L/opt/robomap3/2.1.3/armv7a-neon/sysroots/x86_64-pokysdk-linux/usr/lib/arm-poky-linux-gnueabi/gcc/arm-poky-linux-gnueabi/4.9.3 -L/opt/robomap3/2.1.3/armv7a-neon/sysroots/armv7a-neon-poky-linux-gnueabi/lib -L/opt/robomap3/2.1.3/armv7a-neon/sysroots/armv7a-neon-poky-linux-gnueabi/usr/lib/arm-poky-linux-gnueabi/4.9.3 -L/opt/robomap3/2.1.3/armv7a-neon/sysroots/armv7a-neon-poky-linux-gnueabi/usr/lib -rpath=/opt/robomap3/2.1.3/armv7a-neon/sysroots/armv7a-neon-poky-linux-gnueabi/usr/lib:/opt/robomap3/2.1.3/armv7a-neon/sysroots/armv7a-neon-poky-linux-gnueabi/lib -O1 --hash-style=gnu --as-needed CMakeFiles/cmTC_414cd.dir/CMakeCXXCompilerABI.cpp.o -lstdc++ -lm -lgcc_s -lgcc -lc -lgcc_s -lgcc /opt/robomap3/2.1.3/armv7a-neon/sysroots/armv7a-neon-poky-linux-gnueabi/usr/lib/arm-poky-linux-gnueabi/4.9.3/crtend.o /opt/robomap3/2.1.3/armv7a-neon/sysroots/armv7a-neon-poky-linux-gnueabi/usr/lib/crtn.o]
    arg [/opt/robomap3/2.1.3/armv7a-neon/sysroots/x86_64-pokysdk-linux/usr/libexec/arm-poky-linux-gnueabi/gcc/arm-poky-linux-gnueabi/4.9.3/collect2] ==> ignore
    arg [-plugin] ==> ignore
    arg [/opt/robomap3/2.1.3/armv7a-neon/sysroots/x86_64-pokysdk-linux/usr/libexec/arm-poky-linux-gnueabi/gcc/arm-poky-linux-gnueabi/4.9.3/liblto_plugin.so] ==> ignore
    arg [-plugin-opt=/opt/robomap3/2.1.3/armv7a-neon/sysroots/x86_64-pokysdk-linux/usr/libexec/arm-poky-linux-gnueabi/gcc/arm-poky-linux-gnueabi/4.9.3/lto-wrapper] ==> ignore
    arg [-plugin-opt=-fresolution=/tmp/ccTXOR8A.res] ==> ignore
    arg [-plugin-opt=-pass-through=-lgcc_s] ==> ignore
    arg [-plugin-opt=-pass-through=-lgcc] ==> ignore
    arg [-plugin-opt=-pass-through=-lc] ==> ignore
    arg [-plugin-opt=-pass-through=-lgcc_s] ==> ignore
    arg [-plugin-opt=-pass-through=-lgcc] ==> ignore
    arg [--sysroot=/opt/robomap3/2.1.3/armv7a-neon/sysroots/armv7a-neon-poky-linux-gnueabi] ==> ignore
    arg [--build-id] ==> ignore
    arg [--eh-frame-hdr] ==> ignore
    arg [--hash-style=gnu] ==> ignore
    arg [-export-dynamic] ==> ignore
    arg [-dynamic-linker] ==> ignore
    arg [/lib/ld-linux.so.3] ==> ignore
    arg [-X] ==> ignore
    arg [-m] ==> ignore
    arg [armelf_linux_eabi] ==> ignore
    arg [-o] ==> ignore
    arg [cmTC_414cd] ==> ignore
    arg [/opt/robomap3/2.1.3/armv7a-neon/sysroots/armv7a-neon-poky-linux-gnueabi/usr/lib/crt1.o] ==> ignore
    arg [/opt/robomap3/2.1.3/armv7a-neon/sysroots/armv7a-neon-poky-linux-gnueabi/usr/lib/crti.o] ==> ignore
    arg [/opt/robomap3/2.1.3/armv7a-neon/sysroots/armv7a-neon-poky-linux-gnueabi/usr/lib/arm-poky-linux-gnueabi/4.9.3/crtbegin.o] ==> ignore
    arg [-L/opt/robomap3/2.1.3/armv7a-neon/sysroots/x86_64-pokysdk-linux/usr/lib/arm-poky-linux-gnueabi/gcc/arm-poky-linux-gnueabi/4.9.3] ==> dir [/opt/robomap3/2.1.3/armv7a-neon/sysroots/x86_64-pokysdk-linux/usr/lib/arm-poky-linux-gnueabi/gcc/arm-poky-linux-gnueabi/4.9.3]
    arg [-L/opt/robomap3/2.1.3/armv7a-neon/sysroots/armv7a-neon-poky-linux-gnueabi/lib] ==> dir [/opt/robomap3/2.1.3/armv7a-neon/sysroots/armv7a-neon-poky-linux-gnueabi/lib]
    arg [-L/opt/robomap3/2.1.3/armv7a-neon/sysroots/armv7a-neon-poky-linux-gnueabi/usr/lib/arm-poky-linux-gnueabi/4.9.3] ==> dir [/opt/robomap3/2.1.3/armv7a-neon/sysroots/armv7a-neon-poky-linux-gnueabi/usr/lib/arm-poky-linux-gnueabi/4.9.3]
    arg [-L/opt/robomap3/2.1.3/armv7a-neon/sysroots/armv7a-neon-poky-linux-gnueabi/usr/lib] ==> dir [/opt/robomap3/2.1.3/armv7a-neon/sysroots/armv7a-neon-poky-linux-gnueabi/usr/lib]
    arg [-rpath=/opt/robomap3/2.1.3/armv7a-neon/sysroots/armv7a-neon-poky-linux-gnueabi/usr/lib:/opt/robomap3/2.1.3/armv7a-neon/sysroots/armv7a-neon-poky-linux-gnueabi/lib] ==> ignore
    arg [-O1] ==> ignore
    arg [--hash-style=gnu] ==> ignore
    arg [--as-needed] ==> ignore
    arg [CMakeFiles/cmTC_414cd.dir/CMakeCXXCompilerABI.cpp.o] ==> ignore
    arg [-lstdc++] ==> lib [stdc++]
    arg [-lm] ==> lib [m]
    arg [-lgcc_s] ==> lib [gcc_s]
    arg [-lgcc] ==> lib [gcc]
    arg [-lc] ==> lib [c]
    arg [-lgcc_s] ==> lib [gcc_s]
    arg [-lgcc] ==> lib [gcc]
    arg [/opt/robomap3/2.1.3/armv7a-neon/sysroots/armv7a-neon-poky-linux-gnueabi/usr/lib/arm-poky-linux-gnueabi/4.9.3/crtend.o] ==> ignore
    arg [/opt/robomap3/2.1.3/armv7a-neon/sysroots/armv7a-neon-poky-linux-gnueabi/usr/lib/crtn.o] ==> ignore
  remove lib [gcc_s]
  remove lib [gcc]
  remove lib [gcc_s]
  remove lib [gcc]
  collapse library dir [/opt/robomap3/2.1.3/armv7a-neon/sysroots/x86_64-pokysdk-linux/usr/lib/arm-poky-linux-gnueabi/gcc/arm-poky-linux-gnueabi/4.9.3] ==> [/opt/robomap3/2.1.3/armv7a-neon/sysroots/x86_64-pokysdk-linux/usr/lib/arm-poky-linux-gnueabi/gcc/arm-poky-linux-gnueabi/4.9.3]
  collapse library dir [/opt/robomap3/2.1.3/armv7a-neon/sysroots/armv7a-neon-poky-linux-gnueabi/lib] ==> [/opt/robomap3/2.1.3/armv7a-neon/sysroots/armv7a-neon-poky-linux-gnueabi/lib]
  collapse library dir [/opt/robomap3/2.1.3/armv7a-neon/sysroots/armv7a-neon-poky-linux-gnueabi/usr/lib/arm-poky-linux-gnueabi/4.9.3] ==> [/opt/robomap3/2.1.3/armv7a-neon/sysroots/armv7a-neon-poky-linux-gnueabi/usr/lib/arm-poky-linux-gnueabi/4.9.3]
  collapse library dir [/opt/robomap3/2.1.3/armv7a-neon/sysroots/armv7a-neon-poky-linux-gnueabi/usr/lib] ==> [/opt/robomap3/2.1.3/armv7a-neon/sysroots/armv7a-neon-poky-linux-gnueabi/usr/lib]
  implicit libs: [stdc++;m;c]
  implicit dirs: [/opt/robomap3/2.1.3/armv7a-neon/sysroots/x86_64-pokysdk-linux/usr/lib/arm-poky-linux-gnueabi/gcc/arm-poky-linux-gnueabi/4.9.3;/opt/robomap3/2.1.3/armv7a-neon/sysroots/armv7a-neon-poky-linux-gnueabi/lib;/opt/robomap3/2.1.3/armv7a-neon/sysroots/armv7a-neon-poky-linux-gnueabi/usr/lib/arm-poky-linux-gnueabi/4.9.3;/opt/robomap3/2.1.3/armv7a-neon/sysroots/armv7a-neon-poky-linux-gnueabi/usr/lib]
  implicit fwks: []




Detecting CXX [-std=c++14] compiler features compiled with the following output:
Change Dir: /home/ateverz/Documents/projects/kd_variable_x4_flair/build_armv7a_neon/CMakeFiles/CMakeTmp

Run Build Command:"/usr/bin/make" "cmTC_7d9ce/fast"
/usr/bin/make -f CMakeFiles/cmTC_7d9ce.dir/build.make CMakeFiles/cmTC_7d9ce.dir/build
make[1]: Entering directory '/home/ateverz/Documents/projects/kd_variable_x4_flair/build_armv7a_neon/CMakeFiles/CMakeTmp'
Building CXX object CMakeFiles/cmTC_7d9ce.dir/feature_tests.cxx.o
/opt/robomap3/2.1.3/armv7a-neon/sysroots/x86_64-pokysdk-linux/usr/bin/arm-poky-linux-gnueabi/arm-poky-linux-gnueabi-g++  --sysroot=/opt/robomap3/2.1.3/armv7a-neon/sysroots/armv7a-neon-poky-linux-gnueabi    -march=armv7-a -mfpu=neon  -mfloat-abi=softfp --sysroot=/opt/robomap3/2.1.3/armv7a-neon/sysroots/armv7a-neon-poky-linux-gnueabi -O2 -pipe    -std=c++14 -o CMakeFiles/cmTC_7d9ce.dir/feature_tests.cxx.o -c /home/ateverz/Documents/projects/kd_variable_x4_flair/build_armv7a_neon/CMakeFiles/feature_tests.cxx
Linking CXX executable cmTC_7d9ce
/opt/robomap3/2.1.3/core2-64/sysroots/x86_64-pokysdk-linux/usr/bin/cmake -E cmake_link_script CMakeFiles/cmTC_7d9ce.dir/link.txt --verbose=1
/opt/robomap3/2.1.3/armv7a-neon/sysroots/x86_64-pokysdk-linux/usr/bin/arm-poky-linux-gnueabi/arm-poky-linux-gnueabi-g++  --sysroot=/opt/robomap3/2.1.3/armv7a-neon/sysroots/armv7a-neon-poky-linux-gnueabi   -march=armv7-a -mfpu=neon  -mfloat-abi=softfp --sysroot=/opt/robomap3/2.1.3/armv7a-neon/sysroots/armv7a-neon-poky-linux-gnueabi -O2 -pipe   -march=armv7-a -mfpu=neon  -mfloat-abi=softfp --sysroot=/opt/robomap3/2.1.3/armv7a-neon/sysroots/armv7a-neon-poky-linux-gnueabi -Wl,-rpath=/opt/robomap3/2.1.3/armv7a-neon/sysroots/armv7a-neon-poky-linux-gnueabi/usr/lib:/opt/robomap3/2.1.3/armv7a-neon/sysroots/armv7a-neon-poky-linux-gnueabi/lib -O2 -pipe -Wl,-O1 -Wl,--hash-style=gnu -Wl,--as-needed   CMakeFiles/cmTC_7d9ce.dir/feature_tests.cxx.o  -o cmTC_7d9ce -rdynamic 
make[1]: Leaving directory '/home/ateverz/Documents/projects/kd_variable_x4_flair/build_armv7a_neon/CMakeFiles/CMakeTmp'


    Feature record: CXX_FEATURE:0cxx_aggregate_default_initializers
    Feature record: CXX_FEATURE:1cxx_alias_templates
    Feature record: CXX_FEATURE:1cxx_alignas
    Feature record: CXX_FEATURE:1cxx_alignof
    Feature record: CXX_FEATURE:1cxx_attributes
    Feature record: CXX_FEATURE:1cxx_attribute_deprecated
    Feature record: CXX_FEATURE:1cxx_auto_type
    Feature record: CXX_FEATURE:1cxx_binary_literals
    Feature record: CXX_FEATURE:1cxx_constexpr
    Feature record: CXX_FEATURE:1cxx_contextual_conversions
    Feature record: CXX_FEATURE:1cxx_decltype
    Feature record: CXX_FEATURE:1cxx_decltype_auto
    Feature record: CXX_FEATURE:1cxx_decltype_incomplete_return_types
    Feature record: CXX_FEATURE:1cxx_default_function_template_args
    Feature record: CXX_FEATURE:1cxx_defaulted_functions
    Feature record: CXX_FEATURE:1cxx_defaulted_move_initializers
    Feature record: CXX_FEATURE:1cxx_delegating_constructors
    Feature record: CXX_FEATURE:1cxx_deleted_functions
    Feature record: CXX_FEATURE:1cxx_digit_separators
    Feature record: CXX_FEATURE:1cxx_enum_forward_declarations
    Feature record: CXX_FEATURE:1cxx_explicit_conversions
    Feature record: CXX_FEATURE:1cxx_extended_friend_declarations
    Feature record: CXX_FEATURE:1cxx_extern_templates
    Feature record: CXX_FEATURE:1cxx_final
    Feature record: CXX_FEATURE:1cxx_func_identifier
    Feature record: CXX_FEATURE:1cxx_generalized_initializers
    Feature record: CXX_FEATURE:1cxx_generic_lambdas
    Feature record: CXX_FEATURE:1cxx_inheriting_constructors
    Feature record: CXX_FEATURE:1cxx_inline_namespaces
    Feature record: CXX_FEATURE:1cxx_lambdas
    Feature record: CXX_FEATURE:1cxx_lambda_init_captures
    Feature record: CXX_FEATURE:1cxx_local_type_template_args
    Feature record: CXX_FEATURE:1cxx_long_long_type
    Feature record: CXX_FEATURE:1cxx_noexcept
    Feature record: CXX_FEATURE:1cxx_nonstatic_member_init
    Feature record: CXX_FEATURE:1cxx_nullptr
    Feature record: CXX_FEATURE:1cxx_override
    Feature record: CXX_FEATURE:1cxx_range_for
    Feature record: CXX_FEATURE:1cxx_raw_string_literals
    Feature record: CXX_FEATURE:1cxx_reference_qualified_functions
    Feature record: CXX_FEATURE:0cxx_relaxed_constexpr
    Feature record: CXX_FEATURE:1cxx_return_type_deduction
    Feature record: CXX_FEATURE:1cxx_right_angle_brackets
    Feature record: CXX_FEATURE:1cxx_rvalue_references
    Feature record: CXX_FEATURE:1cxx_sizeof_member
    Feature record: CXX_FEATURE:1cxx_static_assert
    Feature record: CXX_FEATURE:1cxx_strong_enums
    Feature record: CXX_FEATURE:1cxx_template_template_parameters
    Feature record: CXX_FEATURE:1cxx_thread_local
    Feature record: CXX_FEATURE:1cxx_trailing_return_types
    Feature record: CXX_FEATURE:1cxx_unicode_literals
    Feature record: CXX_FEATURE:1cxx_uniform_initialization
    Feature record: CXX_FEATURE:1cxx_unrestricted_unions
    Feature record: CXX_FEATURE:1cxx_user_literals
    Feature record: CXX_FEATURE:0cxx_variable_templates
    Feature record: CXX_FEATURE:1cxx_variadic_macros
    Feature record: CXX_FEATURE:1cxx_variadic_templates


Detecting CXX [-std=c++11] compiler features compiled with the following output:
Change Dir: /home/ateverz/Documents/projects/kd_variable_x4_flair/build_armv7a_neon/CMakeFiles/CMakeTmp

Run Build Command:"/usr/bin/make" "cmTC_00465/fast"
/usr/bin/make -f CMakeFiles/cmTC_00465.dir/build.make CMakeFiles/cmTC_00465.dir/build
make[1]: Entering directory '/home/ateverz/Documents/projects/kd_variable_x4_flair/build_armv7a_neon/CMakeFiles/CMakeTmp'
Building CXX object CMakeFiles/cmTC_00465.dir/feature_tests.cxx.o
/opt/robomap3/2.1.3/armv7a-neon/sysroots/x86_64-pokysdk-linux/usr/bin/arm-poky-linux-gnueabi/arm-poky-linux-gnueabi-g++  --sysroot=/opt/robomap3/2.1.3/armv7a-neon/sysroots/armv7a-neon-poky-linux-gnueabi    -march=armv7-a -mfpu=neon  -mfloat-abi=softfp --sysroot=/opt/robomap3/2.1.3/armv7a-neon/sysroots/armv7a-neon-poky-linux-gnueabi -O2 -pipe    -std=c++11 -o CMakeFiles/cmTC_00465.dir/feature_tests.cxx.o -c /home/ateverz/Documents/projects/kd_variable_x4_flair/build_armv7a_neon/CMakeFiles/feature_tests.cxx
Linking CXX executable cmTC_00465
/opt/robomap3/2.1.3/core2-64/sysroots/x86_64-pokysdk-linux/usr/bin/cmake -E cmake_link_script CMakeFiles/cmTC_00465.dir/link.txt --verbose=1
/opt/robomap3/2.1.3/armv7a-neon/sysroots/x86_64-pokysdk-linux/usr/bin/arm-poky-linux-gnueabi/arm-poky-linux-gnueabi-g++  --sysroot=/opt/robomap3/2.1.3/armv7a-neon/sysroots/armv7a-neon-poky-linux-gnueabi   -march=armv7-a -mfpu=neon  -mfloat-abi=softfp --sysroot=/opt/robomap3/2.1.3/armv7a-neon/sysroots/armv7a-neon-poky-linux-gnueabi -O2 -pipe   -march=armv7-a -mfpu=neon  -mfloat-abi=softfp --sysroot=/opt/robomap3/2.1.3/armv7a-neon/sysroots/armv7a-neon-poky-linux-gnueabi -Wl,-rpath=/opt/robomap3/2.1.3/armv7a-neon/sysroots/armv7a-neon-poky-linux-gnueabi/usr/lib:/opt/robomap3/2.1.3/armv7a-neon/sysroots/armv7a-neon-poky-linux-gnueabi/lib -O2 -pipe -Wl,-O1 -Wl,--hash-style=gnu -Wl,--as-needed   CMakeFiles/cmTC_00465.dir/feature_tests.cxx.o  -o cmTC_00465 -rdynamic 
make[1]: Leaving directory '/home/ateverz/Documents/projects/kd_variable_x4_flair/build_armv7a_neon/CMakeFiles/CMakeTmp'


    Feature record: CXX_FEATURE:0cxx_aggregate_default_initializers
    Feature record: CXX_FEATURE:1cxx_alias_templates
    Feature record: CXX_FEATURE:1cxx_alignas
    Feature record: CXX_FEATURE:1cxx_alignof
    Feature record: CXX_FEATURE:1cxx_attributes
    Feature record: CXX_FEATURE:0cxx_attribute_deprecated
    Feature record: CXX_FEATURE:1cxx_auto_type
    Feature record: CXX_FEATURE:0cxx_binary_literals
    Feature record: CXX_FEATURE:1cxx_constexpr
    Feature record: CXX_FEATURE:0cxx_contextual_conversions
    Feature record: CXX_FEATURE:1cxx_decltype
    Feature record: CXX_FEATURE:0cxx_decltype_auto
    Feature record: CXX_FEATURE:1cxx_decltype_incomplete_return_types
    Feature record: CXX_FEATURE:1cxx_default_function_template_args
    Feature record: CXX_FEATURE:1cxx_defaulted_functions
    Feature record: CXX_FEATURE:1cxx_defaulted_move_initializers
    Feature record: CXX_FEATURE:1cxx_delegating_constructors
    Feature record: CXX_FEATURE:1cxx_deleted_functions
    Feature record: CXX_FEATURE:0cxx_digit_separators
    Feature record: CXX_FEATURE:1cxx_enum_forward_declarations
    Feature record: CXX_FEATURE:1cxx_explicit_conversions
    Feature record: CXX_FEATURE:1cxx_extended_friend_declarations
    Feature record: CXX_FEATURE:1cxx_extern_templates
    Feature record: CXX_FEATURE:1cxx_final
    Feature record: CXX_FEATURE:1cxx_func_identifier
    Feature record: CXX_FEATURE:1cxx_generalized_initializers
    Feature record: CXX_FEATURE:0cxx_generic_lambdas
    Feature record: CXX_FEATURE:1cxx_inheriting_constructors
    Feature record: CXX_FEATURE:1cxx_inline_namespaces
    Feature record: CXX_FEATURE:1cxx_lambdas
    Feature record: CXX_FEATURE:0cxx_lambda_init_captures
    Feature record: CXX_FEATURE:1cxx_local_type_template_args
    Feature record: CXX_FEATURE:1cxx_long_long_type
    Feature record: CXX_FEATURE:1cxx_noexcept
    Feature record: CXX_FEATURE:1cxx_nonstatic_member_init
    Feature record: CXX_FEATURE:1cxx_nullptr
    Feature record: CXX_FEATURE:1cxx_override
    Feature record: CXX_FEATURE:1cxx_range_for
    Feature record: CXX_FEATURE:1cxx_raw_string_literals
    Feature record: CXX_FEATURE:1cxx_reference_qualified_functions
    Feature record: CXX_FEATURE:0cxx_relaxed_constexpr
    Feature record: CXX_FEATURE:0cxx_return_type_deduction
    Feature record: CXX_FEATURE:1cxx_right_angle_brackets
    Feature record: CXX_FEATURE:1cxx_rvalue_references
    Feature record: CXX_FEATURE:1cxx_sizeof_member
    Feature record: CXX_FEATURE:1cxx_static_assert
    Feature record: CXX_FEATURE:1cxx_strong_enums
    Feature record: CXX_FEATURE:1cxx_template_template_parameters
    Feature record: CXX_FEATURE:1cxx_thread_local
    Feature record: CXX_FEATURE:1cxx_trailing_return_types
    Feature record: CXX_FEATURE:1cxx_unicode_literals
    Feature record: CXX_FEATURE:1cxx_uniform_initialization
    Feature record: CXX_FEATURE:1cxx_unrestricted_unions
    Feature record: CXX_FEATURE:1cxx_user_literals
    Feature record: CXX_FEATURE:0cxx_variable_templates
    Feature record: CXX_FEATURE:1cxx_variadic_macros
    Feature record: CXX_FEATURE:1cxx_variadic_templates


Detecting CXX [-std=c++98] compiler features compiled with the following output:
Change Dir: /home/ateverz/Documents/projects/kd_variable_x4_flair/build_armv7a_neon/CMakeFiles/CMakeTmp

Run Build Command:"/usr/bin/make" "cmTC_13a18/fast"
/usr/bin/make -f CMakeFiles/cmTC_13a18.dir/build.make CMakeFiles/cmTC_13a18.dir/build
make[1]: Entering directory '/home/ateverz/Documents/projects/kd_variable_x4_flair/build_armv7a_neon/CMakeFiles/CMakeTmp'
Building CXX object CMakeFiles/cmTC_13a18.dir/feature_tests.cxx.o
/opt/robomap3/2.1.3/armv7a-neon/sysroots/x86_64-pokysdk-linux/usr/bin/arm-poky-linux-gnueabi/arm-poky-linux-gnueabi-g++  --sysroot=/opt/robomap3/2.1.3/armv7a-neon/sysroots/armv7a-neon-poky-linux-gnueabi    -march=armv7-a -mfpu=neon  -mfloat-abi=softfp --sysroot=/opt/robomap3/2.1.3/armv7a-neon/sysroots/armv7a-neon-poky-linux-gnueabi -O2 -pipe    -std=c++98 -o CMakeFiles/cmTC_13a18.dir/feature_tests.cxx.o -c /home/ateverz/Documents/projects/kd_variable_x4_flair/build_armv7a_neon/CMakeFiles/feature_tests.cxx
Linking CXX executable cmTC_13a18
/opt/robomap3/2.1.3/core2-64/sysroots/x86_64-pokysdk-linux/usr/bin/cmake -E cmake_link_script CMakeFiles/cmTC_13a18.dir/link.txt --verbose=1
/opt/robomap3/2.1.3/armv7a-neon/sysroots/x86_64-pokysdk-linux/usr/bin/arm-poky-linux-gnueabi/arm-poky-linux-gnueabi-g++  --sysroot=/opt/robomap3/2.1.3/armv7a-neon/sysroots/armv7a-neon-poky-linux-gnueabi   -march=armv7-a -mfpu=neon  -mfloat-abi=softfp --sysroot=/opt/robomap3/2.1.3/armv7a-neon/sysroots/armv7a-neon-poky-linux-gnueabi -O2 -pipe   -march=armv7-a -mfpu=neon  -mfloat-abi=softfp --sysroot=/opt/robomap3/2.1.3/armv7a-neon/sysroots/armv7a-neon-poky-linux-gnueabi -Wl,-rpath=/opt/robomap3/2.1.3/armv7a-neon/sysroots/armv7a-neon-poky-linux-gnueabi/usr/lib:/opt/robomap3/2.1.3/armv7a-neon/sysroots/armv7a-neon-poky-linux-gnueabi/lib -O2 -pipe -Wl,-O1 -Wl,--hash-style=gnu -Wl,--as-needed   CMakeFiles/cmTC_13a18.dir/feature_tests.cxx.o  -o cmTC_13a18 -rdynamic 
make[1]: Leaving directory '/home/ateverz/Documents/projects/kd_variable_x4_flair/build_armv7a_neon/CMakeFiles/CMakeTmp'


    Feature record: CXX_FEATURE:0cxx_aggregate_default_initializers
    Feature record: CXX_FEATURE:0cxx_alias_templates
    Feature record: CXX_FEATURE:0cxx_alignas
    Feature record: CXX_FEATURE:0cxx_alignof
    Feature record: CXX_FEATURE:0cxx_attributes
    Feature record: CXX_FEATURE:0cxx_attribute_deprecated
    Feature record: CXX_FEATURE:0cxx_auto_type
    Feature record: CXX_FEATURE:0cxx_binary_literals
    Feature record: CXX_FEATURE:0cxx_constexpr
    Feature record: CXX_FEATURE:0cxx_contextual_conversions
    Feature record: CXX_FEATURE:0cxx_decltype
    Feature record: CXX_FEATURE:0cxx_decltype_auto
    Feature record: CXX_FEATURE:0cxx_decltype_incomplete_return_types
    Feature record: CXX_FEATURE:0cxx_default_function_template_args
    Feature record: CXX_FEATURE:0cxx_defaulted_functions
    Feature record: CXX_FEATURE:0cxx_defaulted_move_initializers
    Feature record: CXX_FEATURE:0cxx_delegating_constructors
    Feature record: CXX_FEATURE:0cxx_deleted_functions
    Feature record: CXX_FEATURE:0cxx_digit_separators
    Feature record: CXX_FEATURE:0cxx_enum_forward_declarations
    Feature record: CXX_FEATURE:0cxx_explicit_conversions
    Feature record: CXX_FEATURE:0cxx_extended_friend_declarations
    Feature record: CXX_FEATURE:0cxx_extern_templates
    Feature record: CXX_FEATURE:0cxx_final
    Feature record: CXX_FEATURE:0cxx_func_identifier
    Feature record: CXX_FEATURE:0cxx_generalized_initializers
    Feature record: CXX_FEATURE:0cxx_generic_lambdas
    Feature record: CXX_FEATURE:0cxx_inheriting_constructors
    Feature record: CXX_FEATURE:0cxx_inline_namespaces
    Feature record: CXX_FEATURE:0cxx_lambdas
    Feature record: CXX_FEATURE:0cxx_lambda_init_captures
    Feature record: CXX_FEATURE:0cxx_local_type_template_args
    Feature record: CXX_FEATURE:0cxx_long_long_type
    Feature record: CXX_FEATURE:0cxx_noexcept
    Feature record: CXX_FEATURE:0cxx_nonstatic_member_init
    Feature record: CXX_FEATURE:0cxx_nullptr
    Feature record: CXX_FEATURE:0cxx_override
    Feature record: CXX_FEATURE:0cxx_range_for
    Feature record: CXX_FEATURE:0cxx_raw_string_literals
    Feature record: CXX_FEATURE:0cxx_reference_qualified_functions
    Feature record: CXX_FEATURE:0cxx_relaxed_constexpr
    Feature record: CXX_FEATURE:0cxx_return_type_deduction
    Feature record: CXX_FEATURE:0cxx_right_angle_brackets
    Feature record: CXX_FEATURE:0cxx_rvalue_references
    Feature record: CXX_FEATURE:0cxx_sizeof_member
    Feature record: CXX_FEATURE:0cxx_static_assert
    Feature record: CXX_FEATURE:0cxx_strong_enums
    Feature record: CXX_FEATURE:1cxx_template_template_parameters
    Feature record: CXX_FEATURE:0cxx_thread_local
    Feature record: CXX_FEATURE:0cxx_trailing_return_types
    Feature record: CXX_FEATURE:0cxx_unicode_literals
    Feature record: CXX_FEATURE:0cxx_uniform_initialization
    Feature record: CXX_FEATURE:0cxx_unrestricted_unions
    Feature record: CXX_FEATURE:0cxx_user_literals
    Feature record: CXX_FEATURE:0cxx_variable_templates
    Feature record: CXX_FEATURE:0cxx_variadic_macros
    Feature record: CXX_FEATURE:0cxx_variadic_templates
